<?xml version="1.0" encoding="UTF-8"?>
<!-- Generated by org.testng.reporters.JUnitXMLReporter -->
<testsuite hostname="DESKTOP-EE4SE6R" ignored="0" name="Default test" tests="12" failures="0" timestamp="2023-05-02T16:22:19 IST" time="6.001" errors="0">
  <testcase name="@BeforeTest start" time="5.893" classname="com.appium.JobTracking1.Base">
    <failure type="org.openqa.selenium.SessionNotCreatedException" message="Could not start a new session. Response code 500. Message: An unknown server-side error occurred while processing the command. Original error: Error getting device API level. Original error: Error executing adbExec. Original error: &amp;apos;Command &amp;apos;D:\\Gowri_Backup\\Android\\cmdline-tools\\platform-tools\\adb.exe -P 5037 -s 7T49VGSC9LB6ZTVG shell getprop ro.build.version.sdk&amp;apos; exited with code 1&amp;apos;; Command output: adb.exe: device unauthorized.
This adb server&amp;apos;s $ADB_VENDOR_KEYS is not set
Try &amp;apos;adb kill-server&amp;apos; if that seems wrong.
Otherwise check for a confirmation dialog on your device.
 
Host info: host: &amp;apos;DESKTOP-EE4SE6R&amp;apos;, ip: &amp;apos;192.168.2.106&amp;apos;
Build info: version: &amp;apos;4.8.3&amp;apos;, revision: &amp;apos;e5e76298c3&amp;apos;
System info: os.name: &amp;apos;Windows 10&amp;apos;, os.arch: &amp;apos;amd64&amp;apos;, os.version: &amp;apos;10.0&amp;apos;, java.version: &amp;apos;1.8.0_361&amp;apos;
Driver info: io.appium.java_client.AppiumDriver
Command: [null, newSession {capabilities=[{appium:appActivity=com.example.jobtracking.MainActivity, appium:appPackage=com.example.jobtracking, appium:deviceName=OPPO A16e, appium:ignoreHiddenApiPolicyError=true, platformName=ANDROID, appium:platformVersion=11, appium:udid=7T49VGSC9LB6ZTVG}], desiredCapabilities=Capabilities {appActivity: com.example.jobtracking.Mai..., appPackage: com.example.jobtracking, deviceName: OPPO A16e, ignoreHiddenApiPolicyError: true, platformName: ANDROID, platformVersion: 11, udid: 7T49VGSC9LB6ZTVG}}]
Capabilities {appActivity: com.example.jobtracking.Mai..., appPackage: com.example.jobtracking, deviceName: OPPO A16e, ignoreHiddenApiPolicyError: true, platformName: ANDROID, platformVersion: 11, udid: 7T49VGSC9LB6ZTVG}">
      <![CDATA[org.openqa.selenium.SessionNotCreatedException: Could not start a new session. Response code 500. Message: An unknown server-side error occurred while processing the command. Original error: Error getting device API level. Original error: Error executing adbExec. Original error: 'Command 'D:\\Gowri_Backup\\Android\\cmdline-tools\\platform-tools\\adb.exe -P 5037 -s 7T49VGSC9LB6ZTVG shell getprop ro.build.version.sdk' exited with code 1'; Command output: adb.exe: device unauthorized.
This adb server's $ADB_VENDOR_KEYS is not set
Try 'adb kill-server' if that seems wrong.
Otherwise check for a confirmation dialog on your device.
 
Host info: host: 'DESKTOP-EE4SE6R', ip: '192.168.2.106'
Build info: version: '4.8.3', revision: 'e5e76298c3'
System info: os.name: 'Windows 10', os.arch: 'amd64', os.version: '10.0', java.version: '1.8.0_361'
Driver info: io.appium.java_client.AppiumDriver
Command: [null, newSession {capabilities=[{appium:appActivity=com.example.jobtracking.MainActivity, appium:appPackage=com.example.jobtracking, appium:deviceName=OPPO A16e, appium:ignoreHiddenApiPolicyError=true, platformName=ANDROID, appium:platformVersion=11, appium:udid=7T49VGSC9LB6ZTVG}], desiredCapabilities=Capabilities {appActivity: com.example.jobtracking.Mai..., appPackage: com.example.jobtracking, deviceName: OPPO A16e, ignoreHiddenApiPolicyError: true, platformName: ANDROID, platformVersion: 11, udid: 7T49VGSC9LB6ZTVG}}]
Capabilities {appActivity: com.example.jobtracking.Mai..., appPackage: com.example.jobtracking, deviceName: OPPO A16e, ignoreHiddenApiPolicyError: true, platformName: ANDROID, platformVersion: 11, udid: 7T49VGSC9LB6ZTVG}
at org.openqa.selenium.remote.ProtocolHandshake.createSession(ProtocolHandshake.java:148)
at sun.reflect.NativeMethodAccessorImpl.invoke0(Native Method)
at sun.reflect.NativeMethodAccessorImpl.invoke(Unknown Source)
at sun.reflect.DelegatingMethodAccessorImpl.invoke(Unknown Source)
at java.lang.reflect.Method.invoke(Unknown Source)
at io.appium.java_client.remote.AppiumProtocolHandshake.createSession(AppiumProtocolHandshake.java:133)
at io.appium.java_client.remote.AppiumProtocolHandshake.createSession(AppiumProtocolHandshake.java:102)
at io.appium.java_client.remote.AppiumCommandExecutor.createSession(AppiumCommandExecutor.java:194)
at io.appium.java_client.remote.AppiumCommandExecutor.execute(AppiumCommandExecutor.java:262)
at org.openqa.selenium.remote.RemoteWebDriver.execute(RemoteWebDriver.java:543)
at io.appium.java_client.AppiumDriver.startSession(AppiumDriver.java:229)
at org.openqa.selenium.remote.RemoteWebDriver.<init>(RemoteWebDriver.java:157)
at io.appium.java_client.AppiumDriver.<init>(AppiumDriver.java:80)
at io.appium.java_client.AppiumDriver.<init>(AppiumDriver.java:92)
at com.appium.JobTracking1.Base.start(Base.java:51)
at sun.reflect.NativeMethodAccessorImpl.invoke0(Native Method)
at sun.reflect.NativeMethodAccessorImpl.invoke(Unknown Source)
at sun.reflect.DelegatingMethodAccessorImpl.invoke(Unknown Source)
at java.lang.reflect.Method.invoke(Unknown Source)
at org.testng.internal.invokers.MethodInvocationHelper.invokeMethod(MethodInvocationHelper.java:135)
at org.testng.internal.invokers.MethodInvocationHelper.invokeMethodConsideringTimeout(MethodInvocationHelper.java:65)
at org.testng.internal.invokers.ConfigInvoker.invokeConfigurationMethod(ConfigInvoker.java:381)
at org.testng.internal.invokers.ConfigInvoker.invokeConfigurations(ConfigInvoker.java:319)
at org.testng.TestRunner.invokeTestConfigurations(TestRunner.java:645)
at org.testng.TestRunner.beforeRun(TestRunner.java:634)
at org.testng.TestRunner.run(TestRunner.java:596)
at org.testng.SuiteRunner.runTest(SuiteRunner.java:429)
at org.testng.SuiteRunner.runSequentially(SuiteRunner.java:423)
at org.testng.SuiteRunner.privateRun(SuiteRunner.java:383)
at org.testng.SuiteRunner.run(SuiteRunner.java:326)
at org.testng.SuiteRunnerWorker.runSuite(SuiteRunnerWorker.java:52)
at org.testng.SuiteRunnerWorker.run(SuiteRunnerWorker.java:95)
at org.testng.TestNG.runSuitesSequentially(TestNG.java:1249)
at org.testng.TestNG.runSuitesLocally(TestNG.java:1169)
at org.testng.TestNG.runSuites(TestNG.java:1092)
at org.testng.TestNG.run(TestNG.java:1060)
at org.testng.remote.AbstractRemoteTestNG.run(AbstractRemoteTestNG.java:115)
at org.testng.remote.RemoteTestNG.initAndRun(RemoteTestNG.java:251)
at org.testng.remote.RemoteTestNG.main(RemoteTestNG.java:77)
]]>
    </failure>
  </testcase> <!-- @BeforeTest start -->
  <testcase name="@AfterTest tearDown" time="0.0" classname="com.appium.JobTracking1.Base">
    <skipped/>
  </testcase> <!-- @AfterTest tearDown -->
  <testcase name="invalidLogin" time="0.0" classname="com.appium.JobTracking1.Shipment">
    <skipped/>
  </testcase> <!-- invalidLogin -->
  <testcase name="validLogin" time="0.0" classname="com.appium.JobTracking1.Shipment">
    <skipped/>
  </testcase> <!-- validLogin -->
  <testcase name="shipmentSelectionByEmpty" time="0.0" classname="com.appium.JobTracking1.Shipment">
    <skipped/>
  </testcase> <!-- shipmentSelectionByEmpty -->
  <testcase name="validShipmentSelection" time="0.0" classname="com.appium.JobTracking1.Shipment">
    <skipped/>
  </testcase> <!-- validShipmentSelection -->
  <testcase name="viewFunctionofJob" time="0.0" classname="com.appium.JobTracking1.Shipment">
    <skipped/>
  </testcase> <!-- viewFunctionofJob -->
  <testcase name="emptyCart" time="0.0" classname="com.appium.JobTracking1.Shipment">
    <skipped/>
  </testcase> <!-- emptyCart -->
  <testcase name="addShipmentOfAlreadyAdded" time="0.0" classname="com.appium.JobTracking1.Shipment">
    <skipped/>
  </testcase> <!-- addShipmentOfAlreadyAdded -->
  <testcase name="invalidBarcode" time="0.0" classname="com.appium.JobTracking1.Shipment">
    <skipped/>
  </testcase> <!-- invalidBarcode -->
  <testcase name="overCapacityItem" time="0.0" classname="com.appium.JobTracking1.Shipment">
    <skipped/>
  </testcase> <!-- overCapacityItem -->
  <testcase name="deleteItemFromCart" time="0.0" classname="com.appium.JobTracking1.Shipment">
    <skipped/>
  </testcase> <!-- deleteItemFromCart -->
  <testcase name="addShipmentOfNewOne" time="0.0" classname="com.appium.JobTracking1.Shipment">
    <skipped/>
  </testcase> <!-- addShipmentOfNewOne -->
  <testcase name="previousLevelNotCompleted" time="0.0" classname="com.appium.JobTracking1.Shipment">
    <skipped/>
  </testcase> <!-- previousLevelNotCompleted -->
</testsuite> <!-- Default test -->
