<?xml version="1.0" encoding="UTF-8"?>
<testng-results skipped="12" failed="0" ignored="0" total="12" passed="0">
  <reporter-output>
  </reporter-output>
  <suite name="Default suite" duration-ms="6001" started-at="2023-05-02T16:22:13 IST" finished-at="2023-05-02T16:22:19 IST">
    <groups>
    </groups>
    <test name="Default test" duration-ms="6001" started-at="2023-05-02T16:22:13 IST" finished-at="2023-05-02T16:22:19 IST">
      <class name="com.appium.JobTracking1.Shipment">
        <test-method status="PASS" signature="extentReport()[pri:0, instance:com.appium.JobTracking1.Shipment@133e16fd]" name="extentReport" is-config="true" duration-ms="296" started-at="2023-05-02T16:22:13 IST" finished-at="2023-05-02T16:22:13 IST">
          <reporter-output>
          </reporter-output>
        </test-method> <!-- extentReport -->
        <test-method status="FAIL" signature="start()[pri:0, instance:com.appium.JobTracking1.Shipment@133e16fd]" name="start" is-config="true" duration-ms="5893" started-at="2023-05-02T16:22:13 IST" finished-at="2023-05-02T16:22:19 IST">
          <exception class="org.openqa.selenium.SessionNotCreatedException">
            <message>
              <![CDATA[Could not start a new session. Response code 500. Message: An unknown server-side error occurred while processing the command. Original error: Error getting device API level. Original error: Error executing adbExec. Original error: 'Command 'D:\\Gowri_Backup\\Android\\cmdline-tools\\platform-tools\\adb.exe -P 5037 -s 7T49VGSC9LB6ZTVG shell getprop ro.build.version.sdk' exited with code 1'; Command output: adb.exe: device unauthorized.
This adb server's $ADB_VENDOR_KEYS is not set
Try 'adb kill-server' if that seems wrong.
Otherwise check for a confirmation dialog on your device.
 
Host info: host: 'DESKTOP-EE4SE6R', ip: '192.168.2.106'
Build info: version: '4.8.3', revision: 'e5e76298c3'
System info: os.name: 'Windows 10', os.arch: 'amd64', os.version: '10.0', java.version: '1.8.0_361'
Driver info: io.appium.java_client.AppiumDriver
Command: [null, newSession {capabilities=[{appium:appActivity=com.example.jobtracking.MainActivity, appium:appPackage=com.example.jobtracking, appium:deviceName=OPPO A16e, appium:ignoreHiddenApiPolicyError=true, platformName=ANDROID, appium:platformVersion=11, appium:udid=7T49VGSC9LB6ZTVG}], desiredCapabilities=Capabilities {appActivity: com.example.jobtracking.Mai..., appPackage: com.example.jobtracking, deviceName: OPPO A16e, ignoreHiddenApiPolicyError: true, platformName: ANDROID, platformVersion: 11, udid: 7T49VGSC9LB6ZTVG}}]
Capabilities {appActivity: com.example.jobtracking.Mai..., appPackage: com.example.jobtracking, deviceName: OPPO A16e, ignoreHiddenApiPolicyError: true, platformName: ANDROID, platformVersion: 11, udid: 7T49VGSC9LB6ZTVG}]]>
            </message>
            <full-stacktrace>
              <![CDATA[org.openqa.selenium.SessionNotCreatedException: Could not start a new session. Response code 500. Message: An unknown server-side error occurred while processing the command. Original error: Error getting device API level. Original error: Error executing adbExec. Original error: 'Command 'D:\\Gowri_Backup\\Android\\cmdline-tools\\platform-tools\\adb.exe -P 5037 -s 7T49VGSC9LB6ZTVG shell getprop ro.build.version.sdk' exited with code 1'; Command output: adb.exe: device unauthorized.
This adb server's $ADB_VENDOR_KEYS is not set
Try 'adb kill-server' if that seems wrong.
Otherwise check for a confirmation dialog on your device.
 
Host info: host: 'DESKTOP-EE4SE6R', ip: '192.168.2.106'
Build info: version: '4.8.3', revision: 'e5e76298c3'
System info: os.name: 'Windows 10', os.arch: 'amd64', os.version: '10.0', java.version: '1.8.0_361'
Driver info: io.appium.java_client.AppiumDriver
Command: [null, newSession {capabilities=[{appium:appActivity=com.example.jobtracking.MainActivity, appium:appPackage=com.example.jobtracking, appium:deviceName=OPPO A16e, appium:ignoreHiddenApiPolicyError=true, platformName=ANDROID, appium:platformVersion=11, appium:udid=7T49VGSC9LB6ZTVG}], desiredCapabilities=Capabilities {appActivity: com.example.jobtracking.Mai..., appPackage: com.example.jobtracking, deviceName: OPPO A16e, ignoreHiddenApiPolicyError: true, platformName: ANDROID, platformVersion: 11, udid: 7T49VGSC9LB6ZTVG}}]
Capabilities {appActivity: com.example.jobtracking.Mai..., appPackage: com.example.jobtracking, deviceName: OPPO A16e, ignoreHiddenApiPolicyError: true, platformName: ANDROID, platformVersion: 11, udid: 7T49VGSC9LB6ZTVG}
at org.openqa.selenium.remote.ProtocolHandshake.createSession(ProtocolHandshake.java:148)
at sun.reflect.NativeMethodAccessorImpl.invoke0(Native Method)
at sun.reflect.NativeMethodAccessorImpl.invoke(Unknown Source)
at sun.reflect.DelegatingMethodAccessorImpl.invoke(Unknown Source)
at java.lang.reflect.Method.invoke(Unknown Source)
at io.appium.java_client.remote.AppiumProtocolHandshake.createSession(AppiumProtocolHandshake.java:133)
at io.appium.java_client.remote.AppiumProtocolHandshake.createSession(AppiumProtocolHandshake.java:102)
at io.appium.java_client.remote.AppiumCommandExecutor.createSession(AppiumCommandExecutor.java:194)
at io.appium.java_client.remote.AppiumCommandExecutor.execute(AppiumCommandExecutor.java:262)
at org.openqa.selenium.remote.RemoteWebDriver.execute(RemoteWebDriver.java:543)
at io.appium.java_client.AppiumDriver.startSession(AppiumDriver.java:229)
at org.openqa.selenium.remote.RemoteWebDriver.<init>(RemoteWebDriver.java:157)
at io.appium.java_client.AppiumDriver.<init>(AppiumDriver.java:80)
at io.appium.java_client.AppiumDriver.<init>(AppiumDriver.java:92)
at com.appium.JobTracking1.Base.start(Base.java:51)
at sun.reflect.NativeMethodAccessorImpl.invoke0(Native Method)
at sun.reflect.NativeMethodAccessorImpl.invoke(Unknown Source)
at sun.reflect.DelegatingMethodAccessorImpl.invoke(Unknown Source)
at java.lang.reflect.Method.invoke(Unknown Source)
at org.testng.internal.invokers.MethodInvocationHelper.invokeMethod(MethodInvocationHelper.java:135)
at org.testng.internal.invokers.MethodInvocationHelper.invokeMethodConsideringTimeout(MethodInvocationHelper.java:65)
at org.testng.internal.invokers.ConfigInvoker.invokeConfigurationMethod(ConfigInvoker.java:381)
at org.testng.internal.invokers.ConfigInvoker.invokeConfigurations(ConfigInvoker.java:319)
at org.testng.TestRunner.invokeTestConfigurations(TestRunner.java:645)
at org.testng.TestRunner.beforeRun(TestRunner.java:634)
at org.testng.TestRunner.run(TestRunner.java:596)
at org.testng.SuiteRunner.runTest(SuiteRunner.java:429)
at org.testng.SuiteRunner.runSequentially(SuiteRunner.java:423)
at org.testng.SuiteRunner.privateRun(SuiteRunner.java:383)
at org.testng.SuiteRunner.run(SuiteRunner.java:326)
at org.testng.SuiteRunnerWorker.runSuite(SuiteRunnerWorker.java:52)
at org.testng.SuiteRunnerWorker.run(SuiteRunnerWorker.java:95)
at org.testng.TestNG.runSuitesSequentially(TestNG.java:1249)
at org.testng.TestNG.runSuitesLocally(TestNG.java:1169)
at org.testng.TestNG.runSuites(TestNG.java:1092)
at org.testng.TestNG.run(TestNG.java:1060)
at org.testng.remote.AbstractRemoteTestNG.run(AbstractRemoteTestNG.java:115)
at org.testng.remote.RemoteTestNG.initAndRun(RemoteTestNG.java:251)
at org.testng.remote.RemoteTestNG.main(RemoteTestNG.java:77)
]]>
            </full-stacktrace>
          </exception> <!-- org.openqa.selenium.SessionNotCreatedException -->
          <reporter-output>
          </reporter-output>
        </test-method> <!-- start -->
        <test-method status="SKIP" signature="invalidLogin()[pri:0, instance:com.appium.JobTracking1.Shipment@133e16fd]" name="invalidLogin" duration-ms="0" started-at="2023-05-02T16:22:19 IST" finished-at="2023-05-02T16:22:19 IST">
          <exception class="org.openqa.selenium.SessionNotCreatedException">
            <message>
              <![CDATA[Could not start a new session. Response code 500. Message: An unknown server-side error occurred while processing the command. Original error: Error getting device API level. Original error: Error executing adbExec. Original error: 'Command 'D:\\Gowri_Backup\\Android\\cmdline-tools\\platform-tools\\adb.exe -P 5037 -s 7T49VGSC9LB6ZTVG shell getprop ro.build.version.sdk' exited with code 1'; Command output: adb.exe: device unauthorized.
This adb server's $ADB_VENDOR_KEYS is not set
Try 'adb kill-server' if that seems wrong.
Otherwise check for a confirmation dialog on your device.
 
Host info: host: 'DESKTOP-EE4SE6R', ip: '192.168.2.106'
Build info: version: '4.8.3', revision: 'e5e76298c3'
System info: os.name: 'Windows 10', os.arch: 'amd64', os.version: '10.0', java.version: '1.8.0_361'
Driver info: io.appium.java_client.AppiumDriver
Command: [null, newSession {capabilities=[{appium:appActivity=com.example.jobtracking.MainActivity, appium:appPackage=com.example.jobtracking, appium:deviceName=OPPO A16e, appium:ignoreHiddenApiPolicyError=true, platformName=ANDROID, appium:platformVersion=11, appium:udid=7T49VGSC9LB6ZTVG}], desiredCapabilities=Capabilities {appActivity: com.example.jobtracking.Mai..., appPackage: com.example.jobtracking, deviceName: OPPO A16e, ignoreHiddenApiPolicyError: true, platformName: ANDROID, platformVersion: 11, udid: 7T49VGSC9LB6ZTVG}}]
Capabilities {appActivity: com.example.jobtracking.Mai..., appPackage: com.example.jobtracking, deviceName: OPPO A16e, ignoreHiddenApiPolicyError: true, platformName: ANDROID, platformVersion: 11, udid: 7T49VGSC9LB6ZTVG}]]>
            </message>
            <full-stacktrace>
              <![CDATA[org.openqa.selenium.SessionNotCreatedException: Could not start a new session. Response code 500. Message: An unknown server-side error occurred while processing the command. Original error: Error getting device API level. Original error: Error executing adbExec. Original error: 'Command 'D:\\Gowri_Backup\\Android\\cmdline-tools\\platform-tools\\adb.exe -P 5037 -s 7T49VGSC9LB6ZTVG shell getprop ro.build.version.sdk' exited with code 1'; Command output: adb.exe: device unauthorized.
This adb server's $ADB_VENDOR_KEYS is not set
Try 'adb kill-server' if that seems wrong.
Otherwise check for a confirmation dialog on your device.
 
Host info: host: 'DESKTOP-EE4SE6R', ip: '192.168.2.106'
Build info: version: '4.8.3', revision: 'e5e76298c3'
System info: os.name: 'Windows 10', os.arch: 'amd64', os.version: '10.0', java.version: '1.8.0_361'
Driver info: io.appium.java_client.AppiumDriver
Command: [null, newSession {capabilities=[{appium:appActivity=com.example.jobtracking.MainActivity, appium:appPackage=com.example.jobtracking, appium:deviceName=OPPO A16e, appium:ignoreHiddenApiPolicyError=true, platformName=ANDROID, appium:platformVersion=11, appium:udid=7T49VGSC9LB6ZTVG}], desiredCapabilities=Capabilities {appActivity: com.example.jobtracking.Mai..., appPackage: com.example.jobtracking, deviceName: OPPO A16e, ignoreHiddenApiPolicyError: true, platformName: ANDROID, platformVersion: 11, udid: 7T49VGSC9LB6ZTVG}}]
Capabilities {appActivity: com.example.jobtracking.Mai..., appPackage: com.example.jobtracking, deviceName: OPPO A16e, ignoreHiddenApiPolicyError: true, platformName: ANDROID, platformVersion: 11, udid: 7T49VGSC9LB6ZTVG}
at org.openqa.selenium.remote.ProtocolHandshake.createSession(ProtocolHandshake.java:148)
at sun.reflect.NativeMethodAccessorImpl.invoke0(Native Method)
at sun.reflect.NativeMethodAccessorImpl.invoke(Unknown Source)
at sun.reflect.DelegatingMethodAccessorImpl.invoke(Unknown Source)
at java.lang.reflect.Method.invoke(Unknown Source)
at io.appium.java_client.remote.AppiumProtocolHandshake.createSession(AppiumProtocolHandshake.java:133)
at io.appium.java_client.remote.AppiumProtocolHandshake.createSession(AppiumProtocolHandshake.java:102)
at io.appium.java_client.remote.AppiumCommandExecutor.createSession(AppiumCommandExecutor.java:194)
at io.appium.java_client.remote.AppiumCommandExecutor.execute(AppiumCommandExecutor.java:262)
at org.openqa.selenium.remote.RemoteWebDriver.execute(RemoteWebDriver.java:543)
at io.appium.java_client.AppiumDriver.startSession(AppiumDriver.java:229)
at org.openqa.selenium.remote.RemoteWebDriver.<init>(RemoteWebDriver.java:157)
at io.appium.java_client.AppiumDriver.<init>(AppiumDriver.java:80)
at io.appium.java_client.AppiumDriver.<init>(AppiumDriver.java:92)
at com.appium.JobTracking1.Base.start(Base.java:51)
at sun.reflect.NativeMethodAccessorImpl.invoke0(Native Method)
at sun.reflect.NativeMethodAccessorImpl.invoke(Unknown Source)
at sun.reflect.DelegatingMethodAccessorImpl.invoke(Unknown Source)
at java.lang.reflect.Method.invoke(Unknown Source)
at org.testng.internal.invokers.MethodInvocationHelper.invokeMethod(MethodInvocationHelper.java:135)
at org.testng.internal.invokers.MethodInvocationHelper.invokeMethodConsideringTimeout(MethodInvocationHelper.java:65)
at org.testng.internal.invokers.ConfigInvoker.invokeConfigurationMethod(ConfigInvoker.java:381)
at org.testng.internal.invokers.ConfigInvoker.invokeConfigurations(ConfigInvoker.java:319)
at org.testng.TestRunner.invokeTestConfigurations(TestRunner.java:645)
at org.testng.TestRunner.beforeRun(TestRunner.java:634)
at org.testng.TestRunner.run(TestRunner.java:596)
at org.testng.SuiteRunner.runTest(SuiteRunner.java:429)
at org.testng.SuiteRunner.runSequentially(SuiteRunner.java:423)
at org.testng.SuiteRunner.privateRun(SuiteRunner.java:383)
at org.testng.SuiteRunner.run(SuiteRunner.java:326)
at org.testng.SuiteRunnerWorker.runSuite(SuiteRunnerWorker.java:52)
at org.testng.SuiteRunnerWorker.run(SuiteRunnerWorker.java:95)
at org.testng.TestNG.runSuitesSequentially(TestNG.java:1249)
at org.testng.TestNG.runSuitesLocally(TestNG.java:1169)
at org.testng.TestNG.runSuites(TestNG.java:1092)
at org.testng.TestNG.run(TestNG.java:1060)
at org.testng.remote.AbstractRemoteTestNG.run(AbstractRemoteTestNG.java:115)
at org.testng.remote.RemoteTestNG.initAndRun(RemoteTestNG.java:251)
at org.testng.remote.RemoteTestNG.main(RemoteTestNG.java:77)
]]>
            </full-stacktrace>
          </exception> <!-- org.openqa.selenium.SessionNotCreatedException -->
          <reporter-output>
          </reporter-output>
        </test-method> <!-- invalidLogin -->
        <test-method status="SKIP" signature="validLogin()[pri:1, instance:com.appium.JobTracking1.Shipment@133e16fd]" name="validLogin" duration-ms="0" started-at="2023-05-02T16:22:19 IST" finished-at="2023-05-02T16:22:19 IST">
          <exception class="org.openqa.selenium.SessionNotCreatedException">
            <message>
              <![CDATA[Could not start a new session. Response code 500. Message: An unknown server-side error occurred while processing the command. Original error: Error getting device API level. Original error: Error executing adbExec. Original error: 'Command 'D:\\Gowri_Backup\\Android\\cmdline-tools\\platform-tools\\adb.exe -P 5037 -s 7T49VGSC9LB6ZTVG shell getprop ro.build.version.sdk' exited with code 1'; Command output: adb.exe: device unauthorized.
This adb server's $ADB_VENDOR_KEYS is not set
Try 'adb kill-server' if that seems wrong.
Otherwise check for a confirmation dialog on your device.
 
Host info: host: 'DESKTOP-EE4SE6R', ip: '192.168.2.106'
Build info: version: '4.8.3', revision: 'e5e76298c3'
System info: os.name: 'Windows 10', os.arch: 'amd64', os.version: '10.0', java.version: '1.8.0_361'
Driver info: io.appium.java_client.AppiumDriver
Command: [null, newSession {capabilities=[{appium:appActivity=com.example.jobtracking.MainActivity, appium:appPackage=com.example.jobtracking, appium:deviceName=OPPO A16e, appium:ignoreHiddenApiPolicyError=true, platformName=ANDROID, appium:platformVersion=11, appium:udid=7T49VGSC9LB6ZTVG}], desiredCapabilities=Capabilities {appActivity: com.example.jobtracking.Mai..., appPackage: com.example.jobtracking, deviceName: OPPO A16e, ignoreHiddenApiPolicyError: true, platformName: ANDROID, platformVersion: 11, udid: 7T49VGSC9LB6ZTVG}}]
Capabilities {appActivity: com.example.jobtracking.Mai..., appPackage: com.example.jobtracking, deviceName: OPPO A16e, ignoreHiddenApiPolicyError: true, platformName: ANDROID, platformVersion: 11, udid: 7T49VGSC9LB6ZTVG}]]>
            </message>
            <full-stacktrace>
              <![CDATA[org.openqa.selenium.SessionNotCreatedException: Could not start a new session. Response code 500. Message: An unknown server-side error occurred while processing the command. Original error: Error getting device API level. Original error: Error executing adbExec. Original error: 'Command 'D:\\Gowri_Backup\\Android\\cmdline-tools\\platform-tools\\adb.exe -P 5037 -s 7T49VGSC9LB6ZTVG shell getprop ro.build.version.sdk' exited with code 1'; Command output: adb.exe: device unauthorized.
This adb server's $ADB_VENDOR_KEYS is not set
Try 'adb kill-server' if that seems wrong.
Otherwise check for a confirmation dialog on your device.
 
Host info: host: 'DESKTOP-EE4SE6R', ip: '192.168.2.106'
Build info: version: '4.8.3', revision: 'e5e76298c3'
System info: os.name: 'Windows 10', os.arch: 'amd64', os.version: '10.0', java.version: '1.8.0_361'
Driver info: io.appium.java_client.AppiumDriver
Command: [null, newSession {capabilities=[{appium:appActivity=com.example.jobtracking.MainActivity, appium:appPackage=com.example.jobtracking, appium:deviceName=OPPO A16e, appium:ignoreHiddenApiPolicyError=true, platformName=ANDROID, appium:platformVersion=11, appium:udid=7T49VGSC9LB6ZTVG}], desiredCapabilities=Capabilities {appActivity: com.example.jobtracking.Mai..., appPackage: com.example.jobtracking, deviceName: OPPO A16e, ignoreHiddenApiPolicyError: true, platformName: ANDROID, platformVersion: 11, udid: 7T49VGSC9LB6ZTVG}}]
Capabilities {appActivity: com.example.jobtracking.Mai..., appPackage: com.example.jobtracking, deviceName: OPPO A16e, ignoreHiddenApiPolicyError: true, platformName: ANDROID, platformVersion: 11, udid: 7T49VGSC9LB6ZTVG}
at org.openqa.selenium.remote.ProtocolHandshake.createSession(ProtocolHandshake.java:148)
at sun.reflect.NativeMethodAccessorImpl.invoke0(Native Method)
at sun.reflect.NativeMethodAccessorImpl.invoke(Unknown Source)
at sun.reflect.DelegatingMethodAccessorImpl.invoke(Unknown Source)
at java.lang.reflect.Method.invoke(Unknown Source)
at io.appium.java_client.remote.AppiumProtocolHandshake.createSession(AppiumProtocolHandshake.java:133)
at io.appium.java_client.remote.AppiumProtocolHandshake.createSession(AppiumProtocolHandshake.java:102)
at io.appium.java_client.remote.AppiumCommandExecutor.createSession(AppiumCommandExecutor.java:194)
at io.appium.java_client.remote.AppiumCommandExecutor.execute(AppiumCommandExecutor.java:262)
at org.openqa.selenium.remote.RemoteWebDriver.execute(RemoteWebDriver.java:543)
at io.appium.java_client.AppiumDriver.startSession(AppiumDriver.java:229)
at org.openqa.selenium.remote.RemoteWebDriver.<init>(RemoteWebDriver.java:157)
at io.appium.java_client.AppiumDriver.<init>(AppiumDriver.java:80)
at io.appium.java_client.AppiumDriver.<init>(AppiumDriver.java:92)
at com.appium.JobTracking1.Base.start(Base.java:51)
at sun.reflect.NativeMethodAccessorImpl.invoke0(Native Method)
at sun.reflect.NativeMethodAccessorImpl.invoke(Unknown Source)
at sun.reflect.DelegatingMethodAccessorImpl.invoke(Unknown Source)
at java.lang.reflect.Method.invoke(Unknown Source)
at org.testng.internal.invokers.MethodInvocationHelper.invokeMethod(MethodInvocationHelper.java:135)
at org.testng.internal.invokers.MethodInvocationHelper.invokeMethodConsideringTimeout(MethodInvocationHelper.java:65)
at org.testng.internal.invokers.ConfigInvoker.invokeConfigurationMethod(ConfigInvoker.java:381)
at org.testng.internal.invokers.ConfigInvoker.invokeConfigurations(ConfigInvoker.java:319)
at org.testng.TestRunner.invokeTestConfigurations(TestRunner.java:645)
at org.testng.TestRunner.beforeRun(TestRunner.java:634)
at org.testng.TestRunner.run(TestRunner.java:596)
at org.testng.SuiteRunner.runTest(SuiteRunner.java:429)
at org.testng.SuiteRunner.runSequentially(SuiteRunner.java:423)
at org.testng.SuiteRunner.privateRun(SuiteRunner.java:383)
at org.testng.SuiteRunner.run(SuiteRunner.java:326)
at org.testng.SuiteRunnerWorker.runSuite(SuiteRunnerWorker.java:52)
at org.testng.SuiteRunnerWorker.run(SuiteRunnerWorker.java:95)
at org.testng.TestNG.runSuitesSequentially(TestNG.java:1249)
at org.testng.TestNG.runSuitesLocally(TestNG.java:1169)
at org.testng.TestNG.runSuites(TestNG.java:1092)
at org.testng.TestNG.run(TestNG.java:1060)
at org.testng.remote.AbstractRemoteTestNG.run(AbstractRemoteTestNG.java:115)
at org.testng.remote.RemoteTestNG.initAndRun(RemoteTestNG.java:251)
at org.testng.remote.RemoteTestNG.main(RemoteTestNG.java:77)
]]>
            </full-stacktrace>
          </exception> <!-- org.openqa.selenium.SessionNotCreatedException -->
          <reporter-output>
          </reporter-output>
        </test-method> <!-- validLogin -->
        <test-method status="SKIP" signature="shipmentSelectionByEmpty()[pri:2, instance:com.appium.JobTracking1.Shipment@133e16fd]" name="shipmentSelectionByEmpty" duration-ms="0" started-at="2023-05-02T16:22:19 IST" finished-at="2023-05-02T16:22:19 IST">
          <exception class="org.openqa.selenium.SessionNotCreatedException">
            <message>
              <![CDATA[Could not start a new session. Response code 500. Message: An unknown server-side error occurred while processing the command. Original error: Error getting device API level. Original error: Error executing adbExec. Original error: 'Command 'D:\\Gowri_Backup\\Android\\cmdline-tools\\platform-tools\\adb.exe -P 5037 -s 7T49VGSC9LB6ZTVG shell getprop ro.build.version.sdk' exited with code 1'; Command output: adb.exe: device unauthorized.
This adb server's $ADB_VENDOR_KEYS is not set
Try 'adb kill-server' if that seems wrong.
Otherwise check for a confirmation dialog on your device.
 
Host info: host: 'DESKTOP-EE4SE6R', ip: '192.168.2.106'
Build info: version: '4.8.3', revision: 'e5e76298c3'
System info: os.name: 'Windows 10', os.arch: 'amd64', os.version: '10.0', java.version: '1.8.0_361'
Driver info: io.appium.java_client.AppiumDriver
Command: [null, newSession {capabilities=[{appium:appActivity=com.example.jobtracking.MainActivity, appium:appPackage=com.example.jobtracking, appium:deviceName=OPPO A16e, appium:ignoreHiddenApiPolicyError=true, platformName=ANDROID, appium:platformVersion=11, appium:udid=7T49VGSC9LB6ZTVG}], desiredCapabilities=Capabilities {appActivity: com.example.jobtracking.Mai..., appPackage: com.example.jobtracking, deviceName: OPPO A16e, ignoreHiddenApiPolicyError: true, platformName: ANDROID, platformVersion: 11, udid: 7T49VGSC9LB6ZTVG}}]
Capabilities {appActivity: com.example.jobtracking.Mai..., appPackage: com.example.jobtracking, deviceName: OPPO A16e, ignoreHiddenApiPolicyError: true, platformName: ANDROID, platformVersion: 11, udid: 7T49VGSC9LB6ZTVG}]]>
            </message>
            <full-stacktrace>
              <![CDATA[org.openqa.selenium.SessionNotCreatedException: Could not start a new session. Response code 500. Message: An unknown server-side error occurred while processing the command. Original error: Error getting device API level. Original error: Error executing adbExec. Original error: 'Command 'D:\\Gowri_Backup\\Android\\cmdline-tools\\platform-tools\\adb.exe -P 5037 -s 7T49VGSC9LB6ZTVG shell getprop ro.build.version.sdk' exited with code 1'; Command output: adb.exe: device unauthorized.
This adb server's $ADB_VENDOR_KEYS is not set
Try 'adb kill-server' if that seems wrong.
Otherwise check for a confirmation dialog on your device.
 
Host info: host: 'DESKTOP-EE4SE6R', ip: '192.168.2.106'
Build info: version: '4.8.3', revision: 'e5e76298c3'
System info: os.name: 'Windows 10', os.arch: 'amd64', os.version: '10.0', java.version: '1.8.0_361'
Driver info: io.appium.java_client.AppiumDriver
Command: [null, newSession {capabilities=[{appium:appActivity=com.example.jobtracking.MainActivity, appium:appPackage=com.example.jobtracking, appium:deviceName=OPPO A16e, appium:ignoreHiddenApiPolicyError=true, platformName=ANDROID, appium:platformVersion=11, appium:udid=7T49VGSC9LB6ZTVG}], desiredCapabilities=Capabilities {appActivity: com.example.jobtracking.Mai..., appPackage: com.example.jobtracking, deviceName: OPPO A16e, ignoreHiddenApiPolicyError: true, platformName: ANDROID, platformVersion: 11, udid: 7T49VGSC9LB6ZTVG}}]
Capabilities {appActivity: com.example.jobtracking.Mai..., appPackage: com.example.jobtracking, deviceName: OPPO A16e, ignoreHiddenApiPolicyError: true, platformName: ANDROID, platformVersion: 11, udid: 7T49VGSC9LB6ZTVG}
at org.openqa.selenium.remote.ProtocolHandshake.createSession(ProtocolHandshake.java:148)
at sun.reflect.NativeMethodAccessorImpl.invoke0(Native Method)
at sun.reflect.NativeMethodAccessorImpl.invoke(Unknown Source)
at sun.reflect.DelegatingMethodAccessorImpl.invoke(Unknown Source)
at java.lang.reflect.Method.invoke(Unknown Source)
at io.appium.java_client.remote.AppiumProtocolHandshake.createSession(AppiumProtocolHandshake.java:133)
at io.appium.java_client.remote.AppiumProtocolHandshake.createSession(AppiumProtocolHandshake.java:102)
at io.appium.java_client.remote.AppiumCommandExecutor.createSession(AppiumCommandExecutor.java:194)
at io.appium.java_client.remote.AppiumCommandExecutor.execute(AppiumCommandExecutor.java:262)
at org.openqa.selenium.remote.RemoteWebDriver.execute(RemoteWebDriver.java:543)
at io.appium.java_client.AppiumDriver.startSession(AppiumDriver.java:229)
at org.openqa.selenium.remote.RemoteWebDriver.<init>(RemoteWebDriver.java:157)
at io.appium.java_client.AppiumDriver.<init>(AppiumDriver.java:80)
at io.appium.java_client.AppiumDriver.<init>(AppiumDriver.java:92)
at com.appium.JobTracking1.Base.start(Base.java:51)
at sun.reflect.NativeMethodAccessorImpl.invoke0(Native Method)
at sun.reflect.NativeMethodAccessorImpl.invoke(Unknown Source)
at sun.reflect.DelegatingMethodAccessorImpl.invoke(Unknown Source)
at java.lang.reflect.Method.invoke(Unknown Source)
at org.testng.internal.invokers.MethodInvocationHelper.invokeMethod(MethodInvocationHelper.java:135)
at org.testng.internal.invokers.MethodInvocationHelper.invokeMethodConsideringTimeout(MethodInvocationHelper.java:65)
at org.testng.internal.invokers.ConfigInvoker.invokeConfigurationMethod(ConfigInvoker.java:381)
at org.testng.internal.invokers.ConfigInvoker.invokeConfigurations(ConfigInvoker.java:319)
at org.testng.TestRunner.invokeTestConfigurations(TestRunner.java:645)
at org.testng.TestRunner.beforeRun(TestRunner.java:634)
at org.testng.TestRunner.run(TestRunner.java:596)
at org.testng.SuiteRunner.runTest(SuiteRunner.java:429)
at org.testng.SuiteRunner.runSequentially(SuiteRunner.java:423)
at org.testng.SuiteRunner.privateRun(SuiteRunner.java:383)
at org.testng.SuiteRunner.run(SuiteRunner.java:326)
at org.testng.SuiteRunnerWorker.runSuite(SuiteRunnerWorker.java:52)
at org.testng.SuiteRunnerWorker.run(SuiteRunnerWorker.java:95)
at org.testng.TestNG.runSuitesSequentially(TestNG.java:1249)
at org.testng.TestNG.runSuitesLocally(TestNG.java:1169)
at org.testng.TestNG.runSuites(TestNG.java:1092)
at org.testng.TestNG.run(TestNG.java:1060)
at org.testng.remote.AbstractRemoteTestNG.run(AbstractRemoteTestNG.java:115)
at org.testng.remote.RemoteTestNG.initAndRun(RemoteTestNG.java:251)
at org.testng.remote.RemoteTestNG.main(RemoteTestNG.java:77)
]]>
            </full-stacktrace>
          </exception> <!-- org.openqa.selenium.SessionNotCreatedException -->
          <reporter-output>
          </reporter-output>
        </test-method> <!-- shipmentSelectionByEmpty -->
        <test-method status="SKIP" signature="validShipmentSelection()[pri:3, instance:com.appium.JobTracking1.Shipment@133e16fd]" name="validShipmentSelection" duration-ms="0" started-at="2023-05-02T16:22:19 IST" finished-at="2023-05-02T16:22:19 IST">
          <exception class="org.openqa.selenium.SessionNotCreatedException">
            <message>
              <![CDATA[Could not start a new session. Response code 500. Message: An unknown server-side error occurred while processing the command. Original error: Error getting device API level. Original error: Error executing adbExec. Original error: 'Command 'D:\\Gowri_Backup\\Android\\cmdline-tools\\platform-tools\\adb.exe -P 5037 -s 7T49VGSC9LB6ZTVG shell getprop ro.build.version.sdk' exited with code 1'; Command output: adb.exe: device unauthorized.
This adb server's $ADB_VENDOR_KEYS is not set
Try 'adb kill-server' if that seems wrong.
Otherwise check for a confirmation dialog on your device.
 
Host info: host: 'DESKTOP-EE4SE6R', ip: '192.168.2.106'
Build info: version: '4.8.3', revision: 'e5e76298c3'
System info: os.name: 'Windows 10', os.arch: 'amd64', os.version: '10.0', java.version: '1.8.0_361'
Driver info: io.appium.java_client.AppiumDriver
Command: [null, newSession {capabilities=[{appium:appActivity=com.example.jobtracking.MainActivity, appium:appPackage=com.example.jobtracking, appium:deviceName=OPPO A16e, appium:ignoreHiddenApiPolicyError=true, platformName=ANDROID, appium:platformVersion=11, appium:udid=7T49VGSC9LB6ZTVG}], desiredCapabilities=Capabilities {appActivity: com.example.jobtracking.Mai..., appPackage: com.example.jobtracking, deviceName: OPPO A16e, ignoreHiddenApiPolicyError: true, platformName: ANDROID, platformVersion: 11, udid: 7T49VGSC9LB6ZTVG}}]
Capabilities {appActivity: com.example.jobtracking.Mai..., appPackage: com.example.jobtracking, deviceName: OPPO A16e, ignoreHiddenApiPolicyError: true, platformName: ANDROID, platformVersion: 11, udid: 7T49VGSC9LB6ZTVG}]]>
            </message>
            <full-stacktrace>
              <![CDATA[org.openqa.selenium.SessionNotCreatedException: Could not start a new session. Response code 500. Message: An unknown server-side error occurred while processing the command. Original error: Error getting device API level. Original error: Error executing adbExec. Original error: 'Command 'D:\\Gowri_Backup\\Android\\cmdline-tools\\platform-tools\\adb.exe -P 5037 -s 7T49VGSC9LB6ZTVG shell getprop ro.build.version.sdk' exited with code 1'; Command output: adb.exe: device unauthorized.
This adb server's $ADB_VENDOR_KEYS is not set
Try 'adb kill-server' if that seems wrong.
Otherwise check for a confirmation dialog on your device.
 
Host info: host: 'DESKTOP-EE4SE6R', ip: '192.168.2.106'
Build info: version: '4.8.3', revision: 'e5e76298c3'
System info: os.name: 'Windows 10', os.arch: 'amd64', os.version: '10.0', java.version: '1.8.0_361'
Driver info: io.appium.java_client.AppiumDriver
Command: [null, newSession {capabilities=[{appium:appActivity=com.example.jobtracking.MainActivity, appium:appPackage=com.example.jobtracking, appium:deviceName=OPPO A16e, appium:ignoreHiddenApiPolicyError=true, platformName=ANDROID, appium:platformVersion=11, appium:udid=7T49VGSC9LB6ZTVG}], desiredCapabilities=Capabilities {appActivity: com.example.jobtracking.Mai..., appPackage: com.example.jobtracking, deviceName: OPPO A16e, ignoreHiddenApiPolicyError: true, platformName: ANDROID, platformVersion: 11, udid: 7T49VGSC9LB6ZTVG}}]
Capabilities {appActivity: com.example.jobtracking.Mai..., appPackage: com.example.jobtracking, deviceName: OPPO A16e, ignoreHiddenApiPolicyError: true, platformName: ANDROID, platformVersion: 11, udid: 7T49VGSC9LB6ZTVG}
at org.openqa.selenium.remote.ProtocolHandshake.createSession(ProtocolHandshake.java:148)
at sun.reflect.NativeMethodAccessorImpl.invoke0(Native Method)
at sun.reflect.NativeMethodAccessorImpl.invoke(Unknown Source)
at sun.reflect.DelegatingMethodAccessorImpl.invoke(Unknown Source)
at java.lang.reflect.Method.invoke(Unknown Source)
at io.appium.java_client.remote.AppiumProtocolHandshake.createSession(AppiumProtocolHandshake.java:133)
at io.appium.java_client.remote.AppiumProtocolHandshake.createSession(AppiumProtocolHandshake.java:102)
at io.appium.java_client.remote.AppiumCommandExecutor.createSession(AppiumCommandExecutor.java:194)
at io.appium.java_client.remote.AppiumCommandExecutor.execute(AppiumCommandExecutor.java:262)
at org.openqa.selenium.remote.RemoteWebDriver.execute(RemoteWebDriver.java:543)
at io.appium.java_client.AppiumDriver.startSession(AppiumDriver.java:229)
at org.openqa.selenium.remote.RemoteWebDriver.<init>(RemoteWebDriver.java:157)
at io.appium.java_client.AppiumDriver.<init>(AppiumDriver.java:80)
at io.appium.java_client.AppiumDriver.<init>(AppiumDriver.java:92)
at com.appium.JobTracking1.Base.start(Base.java:51)
at sun.reflect.NativeMethodAccessorImpl.invoke0(Native Method)
at sun.reflect.NativeMethodAccessorImpl.invoke(Unknown Source)
at sun.reflect.DelegatingMethodAccessorImpl.invoke(Unknown Source)
at java.lang.reflect.Method.invoke(Unknown Source)
at org.testng.internal.invokers.MethodInvocationHelper.invokeMethod(MethodInvocationHelper.java:135)
at org.testng.internal.invokers.MethodInvocationHelper.invokeMethodConsideringTimeout(MethodInvocationHelper.java:65)
at org.testng.internal.invokers.ConfigInvoker.invokeConfigurationMethod(ConfigInvoker.java:381)
at org.testng.internal.invokers.ConfigInvoker.invokeConfigurations(ConfigInvoker.java:319)
at org.testng.TestRunner.invokeTestConfigurations(TestRunner.java:645)
at org.testng.TestRunner.beforeRun(TestRunner.java:634)
at org.testng.TestRunner.run(TestRunner.java:596)
at org.testng.SuiteRunner.runTest(SuiteRunner.java:429)
at org.testng.SuiteRunner.runSequentially(SuiteRunner.java:423)
at org.testng.SuiteRunner.privateRun(SuiteRunner.java:383)
at org.testng.SuiteRunner.run(SuiteRunner.java:326)
at org.testng.SuiteRunnerWorker.runSuite(SuiteRunnerWorker.java:52)
at org.testng.SuiteRunnerWorker.run(SuiteRunnerWorker.java:95)
at org.testng.TestNG.runSuitesSequentially(TestNG.java:1249)
at org.testng.TestNG.runSuitesLocally(TestNG.java:1169)
at org.testng.TestNG.runSuites(TestNG.java:1092)
at org.testng.TestNG.run(TestNG.java:1060)
at org.testng.remote.AbstractRemoteTestNG.run(AbstractRemoteTestNG.java:115)
at org.testng.remote.RemoteTestNG.initAndRun(RemoteTestNG.java:251)
at org.testng.remote.RemoteTestNG.main(RemoteTestNG.java:77)
]]>
            </full-stacktrace>
          </exception> <!-- org.openqa.selenium.SessionNotCreatedException -->
          <reporter-output>
          </reporter-output>
        </test-method> <!-- validShipmentSelection -->
        <test-method status="SKIP" signature="viewFunctionofJob()[pri:4, instance:com.appium.JobTracking1.Shipment@133e16fd]" name="viewFunctionofJob" duration-ms="0" started-at="2023-05-02T16:22:19 IST" finished-at="2023-05-02T16:22:19 IST">
          <exception class="org.openqa.selenium.SessionNotCreatedException">
            <message>
              <![CDATA[Could not start a new session. Response code 500. Message: An unknown server-side error occurred while processing the command. Original error: Error getting device API level. Original error: Error executing adbExec. Original error: 'Command 'D:\\Gowri_Backup\\Android\\cmdline-tools\\platform-tools\\adb.exe -P 5037 -s 7T49VGSC9LB6ZTVG shell getprop ro.build.version.sdk' exited with code 1'; Command output: adb.exe: device unauthorized.
This adb server's $ADB_VENDOR_KEYS is not set
Try 'adb kill-server' if that seems wrong.
Otherwise check for a confirmation dialog on your device.
 
Host info: host: 'DESKTOP-EE4SE6R', ip: '192.168.2.106'
Build info: version: '4.8.3', revision: 'e5e76298c3'
System info: os.name: 'Windows 10', os.arch: 'amd64', os.version: '10.0', java.version: '1.8.0_361'
Driver info: io.appium.java_client.AppiumDriver
Command: [null, newSession {capabilities=[{appium:appActivity=com.example.jobtracking.MainActivity, appium:appPackage=com.example.jobtracking, appium:deviceName=OPPO A16e, appium:ignoreHiddenApiPolicyError=true, platformName=ANDROID, appium:platformVersion=11, appium:udid=7T49VGSC9LB6ZTVG}], desiredCapabilities=Capabilities {appActivity: com.example.jobtracking.Mai..., appPackage: com.example.jobtracking, deviceName: OPPO A16e, ignoreHiddenApiPolicyError: true, platformName: ANDROID, platformVersion: 11, udid: 7T49VGSC9LB6ZTVG}}]
Capabilities {appActivity: com.example.jobtracking.Mai..., appPackage: com.example.jobtracking, deviceName: OPPO A16e, ignoreHiddenApiPolicyError: true, platformName: ANDROID, platformVersion: 11, udid: 7T49VGSC9LB6ZTVG}]]>
            </message>
            <full-stacktrace>
              <![CDATA[org.openqa.selenium.SessionNotCreatedException: Could not start a new session. Response code 500. Message: An unknown server-side error occurred while processing the command. Original error: Error getting device API level. Original error: Error executing adbExec. Original error: 'Command 'D:\\Gowri_Backup\\Android\\cmdline-tools\\platform-tools\\adb.exe -P 5037 -s 7T49VGSC9LB6ZTVG shell getprop ro.build.version.sdk' exited with code 1'; Command output: adb.exe: device unauthorized.
This adb server's $ADB_VENDOR_KEYS is not set
Try 'adb kill-server' if that seems wrong.
Otherwise check for a confirmation dialog on your device.
 
Host info: host: 'DESKTOP-EE4SE6R', ip: '192.168.2.106'
Build info: version: '4.8.3', revision: 'e5e76298c3'
System info: os.name: 'Windows 10', os.arch: 'amd64', os.version: '10.0', java.version: '1.8.0_361'
Driver info: io.appium.java_client.AppiumDriver
Command: [null, newSession {capabilities=[{appium:appActivity=com.example.jobtracking.MainActivity, appium:appPackage=com.example.jobtracking, appium:deviceName=OPPO A16e, appium:ignoreHiddenApiPolicyError=true, platformName=ANDROID, appium:platformVersion=11, appium:udid=7T49VGSC9LB6ZTVG}], desiredCapabilities=Capabilities {appActivity: com.example.jobtracking.Mai..., appPackage: com.example.jobtracking, deviceName: OPPO A16e, ignoreHiddenApiPolicyError: true, platformName: ANDROID, platformVersion: 11, udid: 7T49VGSC9LB6ZTVG}}]
Capabilities {appActivity: com.example.jobtracking.Mai..., appPackage: com.example.jobtracking, deviceName: OPPO A16e, ignoreHiddenApiPolicyError: true, platformName: ANDROID, platformVersion: 11, udid: 7T49VGSC9LB6ZTVG}
at org.openqa.selenium.remote.ProtocolHandshake.createSession(ProtocolHandshake.java:148)
at sun.reflect.NativeMethodAccessorImpl.invoke0(Native Method)
at sun.reflect.NativeMethodAccessorImpl.invoke(Unknown Source)
at sun.reflect.DelegatingMethodAccessorImpl.invoke(Unknown Source)
at java.lang.reflect.Method.invoke(Unknown Source)
at io.appium.java_client.remote.AppiumProtocolHandshake.createSession(AppiumProtocolHandshake.java:133)
at io.appium.java_client.remote.AppiumProtocolHandshake.createSession(AppiumProtocolHandshake.java:102)
at io.appium.java_client.remote.AppiumCommandExecutor.createSession(AppiumCommandExecutor.java:194)
at io.appium.java_client.remote.AppiumCommandExecutor.execute(AppiumCommandExecutor.java:262)
at org.openqa.selenium.remote.RemoteWebDriver.execute(RemoteWebDriver.java:543)
at io.appium.java_client.AppiumDriver.startSession(AppiumDriver.java:229)
at org.openqa.selenium.remote.RemoteWebDriver.<init>(RemoteWebDriver.java:157)
at io.appium.java_client.AppiumDriver.<init>(AppiumDriver.java:80)
at io.appium.java_client.AppiumDriver.<init>(AppiumDriver.java:92)
at com.appium.JobTracking1.Base.start(Base.java:51)
at sun.reflect.NativeMethodAccessorImpl.invoke0(Native Method)
at sun.reflect.NativeMethodAccessorImpl.invoke(Unknown Source)
at sun.reflect.DelegatingMethodAccessorImpl.invoke(Unknown Source)
at java.lang.reflect.Method.invoke(Unknown Source)
at org.testng.internal.invokers.MethodInvocationHelper.invokeMethod(MethodInvocationHelper.java:135)
at org.testng.internal.invokers.MethodInvocationHelper.invokeMethodConsideringTimeout(MethodInvocationHelper.java:65)
at org.testng.internal.invokers.ConfigInvoker.invokeConfigurationMethod(ConfigInvoker.java:381)
at org.testng.internal.invokers.ConfigInvoker.invokeConfigurations(ConfigInvoker.java:319)
at org.testng.TestRunner.invokeTestConfigurations(TestRunner.java:645)
at org.testng.TestRunner.beforeRun(TestRunner.java:634)
at org.testng.TestRunner.run(TestRunner.java:596)
at org.testng.SuiteRunner.runTest(SuiteRunner.java:429)
at org.testng.SuiteRunner.runSequentially(SuiteRunner.java:423)
at org.testng.SuiteRunner.privateRun(SuiteRunner.java:383)
at org.testng.SuiteRunner.run(SuiteRunner.java:326)
at org.testng.SuiteRunnerWorker.runSuite(SuiteRunnerWorker.java:52)
at org.testng.SuiteRunnerWorker.run(SuiteRunnerWorker.java:95)
at org.testng.TestNG.runSuitesSequentially(TestNG.java:1249)
at org.testng.TestNG.runSuitesLocally(TestNG.java:1169)
at org.testng.TestNG.runSuites(TestNG.java:1092)
at org.testng.TestNG.run(TestNG.java:1060)
at org.testng.remote.AbstractRemoteTestNG.run(AbstractRemoteTestNG.java:115)
at org.testng.remote.RemoteTestNG.initAndRun(RemoteTestNG.java:251)
at org.testng.remote.RemoteTestNG.main(RemoteTestNG.java:77)
]]>
            </full-stacktrace>
          </exception> <!-- org.openqa.selenium.SessionNotCreatedException -->
          <reporter-output>
          </reporter-output>
        </test-method> <!-- viewFunctionofJob -->
        <test-method status="SKIP" signature="emptyCart()[pri:5, instance:com.appium.JobTracking1.Shipment@133e16fd]" name="emptyCart" duration-ms="0" started-at="2023-05-02T16:22:19 IST" finished-at="2023-05-02T16:22:19 IST">
          <exception class="org.openqa.selenium.SessionNotCreatedException">
            <message>
              <![CDATA[Could not start a new session. Response code 500. Message: An unknown server-side error occurred while processing the command. Original error: Error getting device API level. Original error: Error executing adbExec. Original error: 'Command 'D:\\Gowri_Backup\\Android\\cmdline-tools\\platform-tools\\adb.exe -P 5037 -s 7T49VGSC9LB6ZTVG shell getprop ro.build.version.sdk' exited with code 1'; Command output: adb.exe: device unauthorized.
This adb server's $ADB_VENDOR_KEYS is not set
Try 'adb kill-server' if that seems wrong.
Otherwise check for a confirmation dialog on your device.
 
Host info: host: 'DESKTOP-EE4SE6R', ip: '192.168.2.106'
Build info: version: '4.8.3', revision: 'e5e76298c3'
System info: os.name: 'Windows 10', os.arch: 'amd64', os.version: '10.0', java.version: '1.8.0_361'
Driver info: io.appium.java_client.AppiumDriver
Command: [null, newSession {capabilities=[{appium:appActivity=com.example.jobtracking.MainActivity, appium:appPackage=com.example.jobtracking, appium:deviceName=OPPO A16e, appium:ignoreHiddenApiPolicyError=true, platformName=ANDROID, appium:platformVersion=11, appium:udid=7T49VGSC9LB6ZTVG}], desiredCapabilities=Capabilities {appActivity: com.example.jobtracking.Mai..., appPackage: com.example.jobtracking, deviceName: OPPO A16e, ignoreHiddenApiPolicyError: true, platformName: ANDROID, platformVersion: 11, udid: 7T49VGSC9LB6ZTVG}}]
Capabilities {appActivity: com.example.jobtracking.Mai..., appPackage: com.example.jobtracking, deviceName: OPPO A16e, ignoreHiddenApiPolicyError: true, platformName: ANDROID, platformVersion: 11, udid: 7T49VGSC9LB6ZTVG}]]>
            </message>
            <full-stacktrace>
              <![CDATA[org.openqa.selenium.SessionNotCreatedException: Could not start a new session. Response code 500. Message: An unknown server-side error occurred while processing the command. Original error: Error getting device API level. Original error: Error executing adbExec. Original error: 'Command 'D:\\Gowri_Backup\\Android\\cmdline-tools\\platform-tools\\adb.exe -P 5037 -s 7T49VGSC9LB6ZTVG shell getprop ro.build.version.sdk' exited with code 1'; Command output: adb.exe: device unauthorized.
This adb server's $ADB_VENDOR_KEYS is not set
Try 'adb kill-server' if that seems wrong.
Otherwise check for a confirmation dialog on your device.
 
Host info: host: 'DESKTOP-EE4SE6R', ip: '192.168.2.106'
Build info: version: '4.8.3', revision: 'e5e76298c3'
System info: os.name: 'Windows 10', os.arch: 'amd64', os.version: '10.0', java.version: '1.8.0_361'
Driver info: io.appium.java_client.AppiumDriver
Command: [null, newSession {capabilities=[{appium:appActivity=com.example.jobtracking.MainActivity, appium:appPackage=com.example.jobtracking, appium:deviceName=OPPO A16e, appium:ignoreHiddenApiPolicyError=true, platformName=ANDROID, appium:platformVersion=11, appium:udid=7T49VGSC9LB6ZTVG}], desiredCapabilities=Capabilities {appActivity: com.example.jobtracking.Mai..., appPackage: com.example.jobtracking, deviceName: OPPO A16e, ignoreHiddenApiPolicyError: true, platformName: ANDROID, platformVersion: 11, udid: 7T49VGSC9LB6ZTVG}}]
Capabilities {appActivity: com.example.jobtracking.Mai..., appPackage: com.example.jobtracking, deviceName: OPPO A16e, ignoreHiddenApiPolicyError: true, platformName: ANDROID, platformVersion: 11, udid: 7T49VGSC9LB6ZTVG}
at org.openqa.selenium.remote.ProtocolHandshake.createSession(ProtocolHandshake.java:148)
at sun.reflect.NativeMethodAccessorImpl.invoke0(Native Method)
at sun.reflect.NativeMethodAccessorImpl.invoke(Unknown Source)
at sun.reflect.DelegatingMethodAccessorImpl.invoke(Unknown Source)
at java.lang.reflect.Method.invoke(Unknown Source)
at io.appium.java_client.remote.AppiumProtocolHandshake.createSession(AppiumProtocolHandshake.java:133)
at io.appium.java_client.remote.AppiumProtocolHandshake.createSession(AppiumProtocolHandshake.java:102)
at io.appium.java_client.remote.AppiumCommandExecutor.createSession(AppiumCommandExecutor.java:194)
at io.appium.java_client.remote.AppiumCommandExecutor.execute(AppiumCommandExecutor.java:262)
at org.openqa.selenium.remote.RemoteWebDriver.execute(RemoteWebDriver.java:543)
at io.appium.java_client.AppiumDriver.startSession(AppiumDriver.java:229)
at org.openqa.selenium.remote.RemoteWebDriver.<init>(RemoteWebDriver.java:157)
at io.appium.java_client.AppiumDriver.<init>(AppiumDriver.java:80)
at io.appium.java_client.AppiumDriver.<init>(AppiumDriver.java:92)
at com.appium.JobTracking1.Base.start(Base.java:51)
at sun.reflect.NativeMethodAccessorImpl.invoke0(Native Method)
at sun.reflect.NativeMethodAccessorImpl.invoke(Unknown Source)
at sun.reflect.DelegatingMethodAccessorImpl.invoke(Unknown Source)
at java.lang.reflect.Method.invoke(Unknown Source)
at org.testng.internal.invokers.MethodInvocationHelper.invokeMethod(MethodInvocationHelper.java:135)
at org.testng.internal.invokers.MethodInvocationHelper.invokeMethodConsideringTimeout(MethodInvocationHelper.java:65)
at org.testng.internal.invokers.ConfigInvoker.invokeConfigurationMethod(ConfigInvoker.java:381)
at org.testng.internal.invokers.ConfigInvoker.invokeConfigurations(ConfigInvoker.java:319)
at org.testng.TestRunner.invokeTestConfigurations(TestRunner.java:645)
at org.testng.TestRunner.beforeRun(TestRunner.java:634)
at org.testng.TestRunner.run(TestRunner.java:596)
at org.testng.SuiteRunner.runTest(SuiteRunner.java:429)
at org.testng.SuiteRunner.runSequentially(SuiteRunner.java:423)
at org.testng.SuiteRunner.privateRun(SuiteRunner.java:383)
at org.testng.SuiteRunner.run(SuiteRunner.java:326)
at org.testng.SuiteRunnerWorker.runSuite(SuiteRunnerWorker.java:52)
at org.testng.SuiteRunnerWorker.run(SuiteRunnerWorker.java:95)
at org.testng.TestNG.runSuitesSequentially(TestNG.java:1249)
at org.testng.TestNG.runSuitesLocally(TestNG.java:1169)
at org.testng.TestNG.runSuites(TestNG.java:1092)
at org.testng.TestNG.run(TestNG.java:1060)
at org.testng.remote.AbstractRemoteTestNG.run(AbstractRemoteTestNG.java:115)
at org.testng.remote.RemoteTestNG.initAndRun(RemoteTestNG.java:251)
at org.testng.remote.RemoteTestNG.main(RemoteTestNG.java:77)
]]>
            </full-stacktrace>
          </exception> <!-- org.openqa.selenium.SessionNotCreatedException -->
          <reporter-output>
          </reporter-output>
        </test-method> <!-- emptyCart -->
        <test-method status="SKIP" signature="addShipmentOfAlreadyAdded()[pri:6, instance:com.appium.JobTracking1.Shipment@133e16fd]" name="addShipmentOfAlreadyAdded" duration-ms="0" started-at="2023-05-02T16:22:19 IST" finished-at="2023-05-02T16:22:19 IST">
          <exception class="org.openqa.selenium.SessionNotCreatedException">
            <message>
              <![CDATA[Could not start a new session. Response code 500. Message: An unknown server-side error occurred while processing the command. Original error: Error getting device API level. Original error: Error executing adbExec. Original error: 'Command 'D:\\Gowri_Backup\\Android\\cmdline-tools\\platform-tools\\adb.exe -P 5037 -s 7T49VGSC9LB6ZTVG shell getprop ro.build.version.sdk' exited with code 1'; Command output: adb.exe: device unauthorized.
This adb server's $ADB_VENDOR_KEYS is not set
Try 'adb kill-server' if that seems wrong.
Otherwise check for a confirmation dialog on your device.
 
Host info: host: 'DESKTOP-EE4SE6R', ip: '192.168.2.106'
Build info: version: '4.8.3', revision: 'e5e76298c3'
System info: os.name: 'Windows 10', os.arch: 'amd64', os.version: '10.0', java.version: '1.8.0_361'
Driver info: io.appium.java_client.AppiumDriver
Command: [null, newSession {capabilities=[{appium:appActivity=com.example.jobtracking.MainActivity, appium:appPackage=com.example.jobtracking, appium:deviceName=OPPO A16e, appium:ignoreHiddenApiPolicyError=true, platformName=ANDROID, appium:platformVersion=11, appium:udid=7T49VGSC9LB6ZTVG}], desiredCapabilities=Capabilities {appActivity: com.example.jobtracking.Mai..., appPackage: com.example.jobtracking, deviceName: OPPO A16e, ignoreHiddenApiPolicyError: true, platformName: ANDROID, platformVersion: 11, udid: 7T49VGSC9LB6ZTVG}}]
Capabilities {appActivity: com.example.jobtracking.Mai..., appPackage: com.example.jobtracking, deviceName: OPPO A16e, ignoreHiddenApiPolicyError: true, platformName: ANDROID, platformVersion: 11, udid: 7T49VGSC9LB6ZTVG}]]>
            </message>
            <full-stacktrace>
              <![CDATA[org.openqa.selenium.SessionNotCreatedException: Could not start a new session. Response code 500. Message: An unknown server-side error occurred while processing the command. Original error: Error getting device API level. Original error: Error executing adbExec. Original error: 'Command 'D:\\Gowri_Backup\\Android\\cmdline-tools\\platform-tools\\adb.exe -P 5037 -s 7T49VGSC9LB6ZTVG shell getprop ro.build.version.sdk' exited with code 1'; Command output: adb.exe: device unauthorized.
This adb server's $ADB_VENDOR_KEYS is not set
Try 'adb kill-server' if that seems wrong.
Otherwise check for a confirmation dialog on your device.
 
Host info: host: 'DESKTOP-EE4SE6R', ip: '192.168.2.106'
Build info: version: '4.8.3', revision: 'e5e76298c3'
System info: os.name: 'Windows 10', os.arch: 'amd64', os.version: '10.0', java.version: '1.8.0_361'
Driver info: io.appium.java_client.AppiumDriver
Command: [null, newSession {capabilities=[{appium:appActivity=com.example.jobtracking.MainActivity, appium:appPackage=com.example.jobtracking, appium:deviceName=OPPO A16e, appium:ignoreHiddenApiPolicyError=true, platformName=ANDROID, appium:platformVersion=11, appium:udid=7T49VGSC9LB6ZTVG}], desiredCapabilities=Capabilities {appActivity: com.example.jobtracking.Mai..., appPackage: com.example.jobtracking, deviceName: OPPO A16e, ignoreHiddenApiPolicyError: true, platformName: ANDROID, platformVersion: 11, udid: 7T49VGSC9LB6ZTVG}}]
Capabilities {appActivity: com.example.jobtracking.Mai..., appPackage: com.example.jobtracking, deviceName: OPPO A16e, ignoreHiddenApiPolicyError: true, platformName: ANDROID, platformVersion: 11, udid: 7T49VGSC9LB6ZTVG}
at org.openqa.selenium.remote.ProtocolHandshake.createSession(ProtocolHandshake.java:148)
at sun.reflect.NativeMethodAccessorImpl.invoke0(Native Method)
at sun.reflect.NativeMethodAccessorImpl.invoke(Unknown Source)
at sun.reflect.DelegatingMethodAccessorImpl.invoke(Unknown Source)
at java.lang.reflect.Method.invoke(Unknown Source)
at io.appium.java_client.remote.AppiumProtocolHandshake.createSession(AppiumProtocolHandshake.java:133)
at io.appium.java_client.remote.AppiumProtocolHandshake.createSession(AppiumProtocolHandshake.java:102)
at io.appium.java_client.remote.AppiumCommandExecutor.createSession(AppiumCommandExecutor.java:194)
at io.appium.java_client.remote.AppiumCommandExecutor.execute(AppiumCommandExecutor.java:262)
at org.openqa.selenium.remote.RemoteWebDriver.execute(RemoteWebDriver.java:543)
at io.appium.java_client.AppiumDriver.startSession(AppiumDriver.java:229)
at org.openqa.selenium.remote.RemoteWebDriver.<init>(RemoteWebDriver.java:157)
at io.appium.java_client.AppiumDriver.<init>(AppiumDriver.java:80)
at io.appium.java_client.AppiumDriver.<init>(AppiumDriver.java:92)
at com.appium.JobTracking1.Base.start(Base.java:51)
at sun.reflect.NativeMethodAccessorImpl.invoke0(Native Method)
at sun.reflect.NativeMethodAccessorImpl.invoke(Unknown Source)
at sun.reflect.DelegatingMethodAccessorImpl.invoke(Unknown Source)
at java.lang.reflect.Method.invoke(Unknown Source)
at org.testng.internal.invokers.MethodInvocationHelper.invokeMethod(MethodInvocationHelper.java:135)
at org.testng.internal.invokers.MethodInvocationHelper.invokeMethodConsideringTimeout(MethodInvocationHelper.java:65)
at org.testng.internal.invokers.ConfigInvoker.invokeConfigurationMethod(ConfigInvoker.java:381)
at org.testng.internal.invokers.ConfigInvoker.invokeConfigurations(ConfigInvoker.java:319)
at org.testng.TestRunner.invokeTestConfigurations(TestRunner.java:645)
at org.testng.TestRunner.beforeRun(TestRunner.java:634)
at org.testng.TestRunner.run(TestRunner.java:596)
at org.testng.SuiteRunner.runTest(SuiteRunner.java:429)
at org.testng.SuiteRunner.runSequentially(SuiteRunner.java:423)
at org.testng.SuiteRunner.privateRun(SuiteRunner.java:383)
at org.testng.SuiteRunner.run(SuiteRunner.java:326)
at org.testng.SuiteRunnerWorker.runSuite(SuiteRunnerWorker.java:52)
at org.testng.SuiteRunnerWorker.run(SuiteRunnerWorker.java:95)
at org.testng.TestNG.runSuitesSequentially(TestNG.java:1249)
at org.testng.TestNG.runSuitesLocally(TestNG.java:1169)
at org.testng.TestNG.runSuites(TestNG.java:1092)
at org.testng.TestNG.run(TestNG.java:1060)
at org.testng.remote.AbstractRemoteTestNG.run(AbstractRemoteTestNG.java:115)
at org.testng.remote.RemoteTestNG.initAndRun(RemoteTestNG.java:251)
at org.testng.remote.RemoteTestNG.main(RemoteTestNG.java:77)
]]>
            </full-stacktrace>
          </exception> <!-- org.openqa.selenium.SessionNotCreatedException -->
          <reporter-output>
          </reporter-output>
        </test-method> <!-- addShipmentOfAlreadyAdded -->
        <test-method status="SKIP" signature="invalidBarcode()[pri:7, instance:com.appium.JobTracking1.Shipment@133e16fd]" name="invalidBarcode" duration-ms="0" started-at="2023-05-02T16:22:19 IST" finished-at="2023-05-02T16:22:19 IST">
          <exception class="org.openqa.selenium.SessionNotCreatedException">
            <message>
              <![CDATA[Could not start a new session. Response code 500. Message: An unknown server-side error occurred while processing the command. Original error: Error getting device API level. Original error: Error executing adbExec. Original error: 'Command 'D:\\Gowri_Backup\\Android\\cmdline-tools\\platform-tools\\adb.exe -P 5037 -s 7T49VGSC9LB6ZTVG shell getprop ro.build.version.sdk' exited with code 1'; Command output: adb.exe: device unauthorized.
This adb server's $ADB_VENDOR_KEYS is not set
Try 'adb kill-server' if that seems wrong.
Otherwise check for a confirmation dialog on your device.
 
Host info: host: 'DESKTOP-EE4SE6R', ip: '192.168.2.106'
Build info: version: '4.8.3', revision: 'e5e76298c3'
System info: os.name: 'Windows 10', os.arch: 'amd64', os.version: '10.0', java.version: '1.8.0_361'
Driver info: io.appium.java_client.AppiumDriver
Command: [null, newSession {capabilities=[{appium:appActivity=com.example.jobtracking.MainActivity, appium:appPackage=com.example.jobtracking, appium:deviceName=OPPO A16e, appium:ignoreHiddenApiPolicyError=true, platformName=ANDROID, appium:platformVersion=11, appium:udid=7T49VGSC9LB6ZTVG}], desiredCapabilities=Capabilities {appActivity: com.example.jobtracking.Mai..., appPackage: com.example.jobtracking, deviceName: OPPO A16e, ignoreHiddenApiPolicyError: true, platformName: ANDROID, platformVersion: 11, udid: 7T49VGSC9LB6ZTVG}}]
Capabilities {appActivity: com.example.jobtracking.Mai..., appPackage: com.example.jobtracking, deviceName: OPPO A16e, ignoreHiddenApiPolicyError: true, platformName: ANDROID, platformVersion: 11, udid: 7T49VGSC9LB6ZTVG}]]>
            </message>
            <full-stacktrace>
              <![CDATA[org.openqa.selenium.SessionNotCreatedException: Could not start a new session. Response code 500. Message: An unknown server-side error occurred while processing the command. Original error: Error getting device API level. Original error: Error executing adbExec. Original error: 'Command 'D:\\Gowri_Backup\\Android\\cmdline-tools\\platform-tools\\adb.exe -P 5037 -s 7T49VGSC9LB6ZTVG shell getprop ro.build.version.sdk' exited with code 1'; Command output: adb.exe: device unauthorized.
This adb server's $ADB_VENDOR_KEYS is not set
Try 'adb kill-server' if that seems wrong.
Otherwise check for a confirmation dialog on your device.
 
Host info: host: 'DESKTOP-EE4SE6R', ip: '192.168.2.106'
Build info: version: '4.8.3', revision: 'e5e76298c3'
System info: os.name: 'Windows 10', os.arch: 'amd64', os.version: '10.0', java.version: '1.8.0_361'
Driver info: io.appium.java_client.AppiumDriver
Command: [null, newSession {capabilities=[{appium:appActivity=com.example.jobtracking.MainActivity, appium:appPackage=com.example.jobtracking, appium:deviceName=OPPO A16e, appium:ignoreHiddenApiPolicyError=true, platformName=ANDROID, appium:platformVersion=11, appium:udid=7T49VGSC9LB6ZTVG}], desiredCapabilities=Capabilities {appActivity: com.example.jobtracking.Mai..., appPackage: com.example.jobtracking, deviceName: OPPO A16e, ignoreHiddenApiPolicyError: true, platformName: ANDROID, platformVersion: 11, udid: 7T49VGSC9LB6ZTVG}}]
Capabilities {appActivity: com.example.jobtracking.Mai..., appPackage: com.example.jobtracking, deviceName: OPPO A16e, ignoreHiddenApiPolicyError: true, platformName: ANDROID, platformVersion: 11, udid: 7T49VGSC9LB6ZTVG}
at org.openqa.selenium.remote.ProtocolHandshake.createSession(ProtocolHandshake.java:148)
at sun.reflect.NativeMethodAccessorImpl.invoke0(Native Method)
at sun.reflect.NativeMethodAccessorImpl.invoke(Unknown Source)
at sun.reflect.DelegatingMethodAccessorImpl.invoke(Unknown Source)
at java.lang.reflect.Method.invoke(Unknown Source)
at io.appium.java_client.remote.AppiumProtocolHandshake.createSession(AppiumProtocolHandshake.java:133)
at io.appium.java_client.remote.AppiumProtocolHandshake.createSession(AppiumProtocolHandshake.java:102)
at io.appium.java_client.remote.AppiumCommandExecutor.createSession(AppiumCommandExecutor.java:194)
at io.appium.java_client.remote.AppiumCommandExecutor.execute(AppiumCommandExecutor.java:262)
at org.openqa.selenium.remote.RemoteWebDriver.execute(RemoteWebDriver.java:543)
at io.appium.java_client.AppiumDriver.startSession(AppiumDriver.java:229)
at org.openqa.selenium.remote.RemoteWebDriver.<init>(RemoteWebDriver.java:157)
at io.appium.java_client.AppiumDriver.<init>(AppiumDriver.java:80)
at io.appium.java_client.AppiumDriver.<init>(AppiumDriver.java:92)
at com.appium.JobTracking1.Base.start(Base.java:51)
at sun.reflect.NativeMethodAccessorImpl.invoke0(Native Method)
at sun.reflect.NativeMethodAccessorImpl.invoke(Unknown Source)
at sun.reflect.DelegatingMethodAccessorImpl.invoke(Unknown Source)
at java.lang.reflect.Method.invoke(Unknown Source)
at org.testng.internal.invokers.MethodInvocationHelper.invokeMethod(MethodInvocationHelper.java:135)
at org.testng.internal.invokers.MethodInvocationHelper.invokeMethodConsideringTimeout(MethodInvocationHelper.java:65)
at org.testng.internal.invokers.ConfigInvoker.invokeConfigurationMethod(ConfigInvoker.java:381)
at org.testng.internal.invokers.ConfigInvoker.invokeConfigurations(ConfigInvoker.java:319)
at org.testng.TestRunner.invokeTestConfigurations(TestRunner.java:645)
at org.testng.TestRunner.beforeRun(TestRunner.java:634)
at org.testng.TestRunner.run(TestRunner.java:596)
at org.testng.SuiteRunner.runTest(SuiteRunner.java:429)
at org.testng.SuiteRunner.runSequentially(SuiteRunner.java:423)
at org.testng.SuiteRunner.privateRun(SuiteRunner.java:383)
at org.testng.SuiteRunner.run(SuiteRunner.java:326)
at org.testng.SuiteRunnerWorker.runSuite(SuiteRunnerWorker.java:52)
at org.testng.SuiteRunnerWorker.run(SuiteRunnerWorker.java:95)
at org.testng.TestNG.runSuitesSequentially(TestNG.java:1249)
at org.testng.TestNG.runSuitesLocally(TestNG.java:1169)
at org.testng.TestNG.runSuites(TestNG.java:1092)
at org.testng.TestNG.run(TestNG.java:1060)
at org.testng.remote.AbstractRemoteTestNG.run(AbstractRemoteTestNG.java:115)
at org.testng.remote.RemoteTestNG.initAndRun(RemoteTestNG.java:251)
at org.testng.remote.RemoteTestNG.main(RemoteTestNG.java:77)
]]>
            </full-stacktrace>
          </exception> <!-- org.openqa.selenium.SessionNotCreatedException -->
          <reporter-output>
          </reporter-output>
        </test-method> <!-- invalidBarcode -->
        <test-method status="SKIP" signature="overCapacityItem()[pri:8, instance:com.appium.JobTracking1.Shipment@133e16fd]" name="overCapacityItem" duration-ms="0" started-at="2023-05-02T16:22:19 IST" finished-at="2023-05-02T16:22:19 IST">
          <exception class="org.openqa.selenium.SessionNotCreatedException">
            <message>
              <![CDATA[Could not start a new session. Response code 500. Message: An unknown server-side error occurred while processing the command. Original error: Error getting device API level. Original error: Error executing adbExec. Original error: 'Command 'D:\\Gowri_Backup\\Android\\cmdline-tools\\platform-tools\\adb.exe -P 5037 -s 7T49VGSC9LB6ZTVG shell getprop ro.build.version.sdk' exited with code 1'; Command output: adb.exe: device unauthorized.
This adb server's $ADB_VENDOR_KEYS is not set
Try 'adb kill-server' if that seems wrong.
Otherwise check for a confirmation dialog on your device.
 
Host info: host: 'DESKTOP-EE4SE6R', ip: '192.168.2.106'
Build info: version: '4.8.3', revision: 'e5e76298c3'
System info: os.name: 'Windows 10', os.arch: 'amd64', os.version: '10.0', java.version: '1.8.0_361'
Driver info: io.appium.java_client.AppiumDriver
Command: [null, newSession {capabilities=[{appium:appActivity=com.example.jobtracking.MainActivity, appium:appPackage=com.example.jobtracking, appium:deviceName=OPPO A16e, appium:ignoreHiddenApiPolicyError=true, platformName=ANDROID, appium:platformVersion=11, appium:udid=7T49VGSC9LB6ZTVG}], desiredCapabilities=Capabilities {appActivity: com.example.jobtracking.Mai..., appPackage: com.example.jobtracking, deviceName: OPPO A16e, ignoreHiddenApiPolicyError: true, platformName: ANDROID, platformVersion: 11, udid: 7T49VGSC9LB6ZTVG}}]
Capabilities {appActivity: com.example.jobtracking.Mai..., appPackage: com.example.jobtracking, deviceName: OPPO A16e, ignoreHiddenApiPolicyError: true, platformName: ANDROID, platformVersion: 11, udid: 7T49VGSC9LB6ZTVG}]]>
            </message>
            <full-stacktrace>
              <![CDATA[org.openqa.selenium.SessionNotCreatedException: Could not start a new session. Response code 500. Message: An unknown server-side error occurred while processing the command. Original error: Error getting device API level. Original error: Error executing adbExec. Original error: 'Command 'D:\\Gowri_Backup\\Android\\cmdline-tools\\platform-tools\\adb.exe -P 5037 -s 7T49VGSC9LB6ZTVG shell getprop ro.build.version.sdk' exited with code 1'; Command output: adb.exe: device unauthorized.
This adb server's $ADB_VENDOR_KEYS is not set
Try 'adb kill-server' if that seems wrong.
Otherwise check for a confirmation dialog on your device.
 
Host info: host: 'DESKTOP-EE4SE6R', ip: '192.168.2.106'
Build info: version: '4.8.3', revision: 'e5e76298c3'
System info: os.name: 'Windows 10', os.arch: 'amd64', os.version: '10.0', java.version: '1.8.0_361'
Driver info: io.appium.java_client.AppiumDriver
Command: [null, newSession {capabilities=[{appium:appActivity=com.example.jobtracking.MainActivity, appium:appPackage=com.example.jobtracking, appium:deviceName=OPPO A16e, appium:ignoreHiddenApiPolicyError=true, platformName=ANDROID, appium:platformVersion=11, appium:udid=7T49VGSC9LB6ZTVG}], desiredCapabilities=Capabilities {appActivity: com.example.jobtracking.Mai..., appPackage: com.example.jobtracking, deviceName: OPPO A16e, ignoreHiddenApiPolicyError: true, platformName: ANDROID, platformVersion: 11, udid: 7T49VGSC9LB6ZTVG}}]
Capabilities {appActivity: com.example.jobtracking.Mai..., appPackage: com.example.jobtracking, deviceName: OPPO A16e, ignoreHiddenApiPolicyError: true, platformName: ANDROID, platformVersion: 11, udid: 7T49VGSC9LB6ZTVG}
at org.openqa.selenium.remote.ProtocolHandshake.createSession(ProtocolHandshake.java:148)
at sun.reflect.NativeMethodAccessorImpl.invoke0(Native Method)
at sun.reflect.NativeMethodAccessorImpl.invoke(Unknown Source)
at sun.reflect.DelegatingMethodAccessorImpl.invoke(Unknown Source)
at java.lang.reflect.Method.invoke(Unknown Source)
at io.appium.java_client.remote.AppiumProtocolHandshake.createSession(AppiumProtocolHandshake.java:133)
at io.appium.java_client.remote.AppiumProtocolHandshake.createSession(AppiumProtocolHandshake.java:102)
at io.appium.java_client.remote.AppiumCommandExecutor.createSession(AppiumCommandExecutor.java:194)
at io.appium.java_client.remote.AppiumCommandExecutor.execute(AppiumCommandExecutor.java:262)
at org.openqa.selenium.remote.RemoteWebDriver.execute(RemoteWebDriver.java:543)
at io.appium.java_client.AppiumDriver.startSession(AppiumDriver.java:229)
at org.openqa.selenium.remote.RemoteWebDriver.<init>(RemoteWebDriver.java:157)
at io.appium.java_client.AppiumDriver.<init>(AppiumDriver.java:80)
at io.appium.java_client.AppiumDriver.<init>(AppiumDriver.java:92)
at com.appium.JobTracking1.Base.start(Base.java:51)
at sun.reflect.NativeMethodAccessorImpl.invoke0(Native Method)
at sun.reflect.NativeMethodAccessorImpl.invoke(Unknown Source)
at sun.reflect.DelegatingMethodAccessorImpl.invoke(Unknown Source)
at java.lang.reflect.Method.invoke(Unknown Source)
at org.testng.internal.invokers.MethodInvocationHelper.invokeMethod(MethodInvocationHelper.java:135)
at org.testng.internal.invokers.MethodInvocationHelper.invokeMethodConsideringTimeout(MethodInvocationHelper.java:65)
at org.testng.internal.invokers.ConfigInvoker.invokeConfigurationMethod(ConfigInvoker.java:381)
at org.testng.internal.invokers.ConfigInvoker.invokeConfigurations(ConfigInvoker.java:319)
at org.testng.TestRunner.invokeTestConfigurations(TestRunner.java:645)
at org.testng.TestRunner.beforeRun(TestRunner.java:634)
at org.testng.TestRunner.run(TestRunner.java:596)
at org.testng.SuiteRunner.runTest(SuiteRunner.java:429)
at org.testng.SuiteRunner.runSequentially(SuiteRunner.java:423)
at org.testng.SuiteRunner.privateRun(SuiteRunner.java:383)
at org.testng.SuiteRunner.run(SuiteRunner.java:326)
at org.testng.SuiteRunnerWorker.runSuite(SuiteRunnerWorker.java:52)
at org.testng.SuiteRunnerWorker.run(SuiteRunnerWorker.java:95)
at org.testng.TestNG.runSuitesSequentially(TestNG.java:1249)
at org.testng.TestNG.runSuitesLocally(TestNG.java:1169)
at org.testng.TestNG.runSuites(TestNG.java:1092)
at org.testng.TestNG.run(TestNG.java:1060)
at org.testng.remote.AbstractRemoteTestNG.run(AbstractRemoteTestNG.java:115)
at org.testng.remote.RemoteTestNG.initAndRun(RemoteTestNG.java:251)
at org.testng.remote.RemoteTestNG.main(RemoteTestNG.java:77)
]]>
            </full-stacktrace>
          </exception> <!-- org.openqa.selenium.SessionNotCreatedException -->
          <reporter-output>
          </reporter-output>
        </test-method> <!-- overCapacityItem -->
        <test-method status="SKIP" signature="deleteItemFromCart()[pri:9, instance:com.appium.JobTracking1.Shipment@133e16fd]" name="deleteItemFromCart" duration-ms="0" started-at="2023-05-02T16:22:19 IST" finished-at="2023-05-02T16:22:19 IST">
          <exception class="org.openqa.selenium.SessionNotCreatedException">
            <message>
              <![CDATA[Could not start a new session. Response code 500. Message: An unknown server-side error occurred while processing the command. Original error: Error getting device API level. Original error: Error executing adbExec. Original error: 'Command 'D:\\Gowri_Backup\\Android\\cmdline-tools\\platform-tools\\adb.exe -P 5037 -s 7T49VGSC9LB6ZTVG shell getprop ro.build.version.sdk' exited with code 1'; Command output: adb.exe: device unauthorized.
This adb server's $ADB_VENDOR_KEYS is not set
Try 'adb kill-server' if that seems wrong.
Otherwise check for a confirmation dialog on your device.
 
Host info: host: 'DESKTOP-EE4SE6R', ip: '192.168.2.106'
Build info: version: '4.8.3', revision: 'e5e76298c3'
System info: os.name: 'Windows 10', os.arch: 'amd64', os.version: '10.0', java.version: '1.8.0_361'
Driver info: io.appium.java_client.AppiumDriver
Command: [null, newSession {capabilities=[{appium:appActivity=com.example.jobtracking.MainActivity, appium:appPackage=com.example.jobtracking, appium:deviceName=OPPO A16e, appium:ignoreHiddenApiPolicyError=true, platformName=ANDROID, appium:platformVersion=11, appium:udid=7T49VGSC9LB6ZTVG}], desiredCapabilities=Capabilities {appActivity: com.example.jobtracking.Mai..., appPackage: com.example.jobtracking, deviceName: OPPO A16e, ignoreHiddenApiPolicyError: true, platformName: ANDROID, platformVersion: 11, udid: 7T49VGSC9LB6ZTVG}}]
Capabilities {appActivity: com.example.jobtracking.Mai..., appPackage: com.example.jobtracking, deviceName: OPPO A16e, ignoreHiddenApiPolicyError: true, platformName: ANDROID, platformVersion: 11, udid: 7T49VGSC9LB6ZTVG}]]>
            </message>
            <full-stacktrace>
              <![CDATA[org.openqa.selenium.SessionNotCreatedException: Could not start a new session. Response code 500. Message: An unknown server-side error occurred while processing the command. Original error: Error getting device API level. Original error: Error executing adbExec. Original error: 'Command 'D:\\Gowri_Backup\\Android\\cmdline-tools\\platform-tools\\adb.exe -P 5037 -s 7T49VGSC9LB6ZTVG shell getprop ro.build.version.sdk' exited with code 1'; Command output: adb.exe: device unauthorized.
This adb server's $ADB_VENDOR_KEYS is not set
Try 'adb kill-server' if that seems wrong.
Otherwise check for a confirmation dialog on your device.
 
Host info: host: 'DESKTOP-EE4SE6R', ip: '192.168.2.106'
Build info: version: '4.8.3', revision: 'e5e76298c3'
System info: os.name: 'Windows 10', os.arch: 'amd64', os.version: '10.0', java.version: '1.8.0_361'
Driver info: io.appium.java_client.AppiumDriver
Command: [null, newSession {capabilities=[{appium:appActivity=com.example.jobtracking.MainActivity, appium:appPackage=com.example.jobtracking, appium:deviceName=OPPO A16e, appium:ignoreHiddenApiPolicyError=true, platformName=ANDROID, appium:platformVersion=11, appium:udid=7T49VGSC9LB6ZTVG}], desiredCapabilities=Capabilities {appActivity: com.example.jobtracking.Mai..., appPackage: com.example.jobtracking, deviceName: OPPO A16e, ignoreHiddenApiPolicyError: true, platformName: ANDROID, platformVersion: 11, udid: 7T49VGSC9LB6ZTVG}}]
Capabilities {appActivity: com.example.jobtracking.Mai..., appPackage: com.example.jobtracking, deviceName: OPPO A16e, ignoreHiddenApiPolicyError: true, platformName: ANDROID, platformVersion: 11, udid: 7T49VGSC9LB6ZTVG}
at org.openqa.selenium.remote.ProtocolHandshake.createSession(ProtocolHandshake.java:148)
at sun.reflect.NativeMethodAccessorImpl.invoke0(Native Method)
at sun.reflect.NativeMethodAccessorImpl.invoke(Unknown Source)
at sun.reflect.DelegatingMethodAccessorImpl.invoke(Unknown Source)
at java.lang.reflect.Method.invoke(Unknown Source)
at io.appium.java_client.remote.AppiumProtocolHandshake.createSession(AppiumProtocolHandshake.java:133)
at io.appium.java_client.remote.AppiumProtocolHandshake.createSession(AppiumProtocolHandshake.java:102)
at io.appium.java_client.remote.AppiumCommandExecutor.createSession(AppiumCommandExecutor.java:194)
at io.appium.java_client.remote.AppiumCommandExecutor.execute(AppiumCommandExecutor.java:262)
at org.openqa.selenium.remote.RemoteWebDriver.execute(RemoteWebDriver.java:543)
at io.appium.java_client.AppiumDriver.startSession(AppiumDriver.java:229)
at org.openqa.selenium.remote.RemoteWebDriver.<init>(RemoteWebDriver.java:157)
at io.appium.java_client.AppiumDriver.<init>(AppiumDriver.java:80)
at io.appium.java_client.AppiumDriver.<init>(AppiumDriver.java:92)
at com.appium.JobTracking1.Base.start(Base.java:51)
at sun.reflect.NativeMethodAccessorImpl.invoke0(Native Method)
at sun.reflect.NativeMethodAccessorImpl.invoke(Unknown Source)
at sun.reflect.DelegatingMethodAccessorImpl.invoke(Unknown Source)
at java.lang.reflect.Method.invoke(Unknown Source)
at org.testng.internal.invokers.MethodInvocationHelper.invokeMethod(MethodInvocationHelper.java:135)
at org.testng.internal.invokers.MethodInvocationHelper.invokeMethodConsideringTimeout(MethodInvocationHelper.java:65)
at org.testng.internal.invokers.ConfigInvoker.invokeConfigurationMethod(ConfigInvoker.java:381)
at org.testng.internal.invokers.ConfigInvoker.invokeConfigurations(ConfigInvoker.java:319)
at org.testng.TestRunner.invokeTestConfigurations(TestRunner.java:645)
at org.testng.TestRunner.beforeRun(TestRunner.java:634)
at org.testng.TestRunner.run(TestRunner.java:596)
at org.testng.SuiteRunner.runTest(SuiteRunner.java:429)
at org.testng.SuiteRunner.runSequentially(SuiteRunner.java:423)
at org.testng.SuiteRunner.privateRun(SuiteRunner.java:383)
at org.testng.SuiteRunner.run(SuiteRunner.java:326)
at org.testng.SuiteRunnerWorker.runSuite(SuiteRunnerWorker.java:52)
at org.testng.SuiteRunnerWorker.run(SuiteRunnerWorker.java:95)
at org.testng.TestNG.runSuitesSequentially(TestNG.java:1249)
at org.testng.TestNG.runSuitesLocally(TestNG.java:1169)
at org.testng.TestNG.runSuites(TestNG.java:1092)
at org.testng.TestNG.run(TestNG.java:1060)
at org.testng.remote.AbstractRemoteTestNG.run(AbstractRemoteTestNG.java:115)
at org.testng.remote.RemoteTestNG.initAndRun(RemoteTestNG.java:251)
at org.testng.remote.RemoteTestNG.main(RemoteTestNG.java:77)
]]>
            </full-stacktrace>
          </exception> <!-- org.openqa.selenium.SessionNotCreatedException -->
          <reporter-output>
          </reporter-output>
        </test-method> <!-- deleteItemFromCart -->
        <test-method status="SKIP" signature="addShipmentOfNewOne()[pri:10, instance:com.appium.JobTracking1.Shipment@133e16fd]" name="addShipmentOfNewOne" duration-ms="0" started-at="2023-05-02T16:22:19 IST" finished-at="2023-05-02T16:22:19 IST">
          <exception class="org.openqa.selenium.SessionNotCreatedException">
            <message>
              <![CDATA[Could not start a new session. Response code 500. Message: An unknown server-side error occurred while processing the command. Original error: Error getting device API level. Original error: Error executing adbExec. Original error: 'Command 'D:\\Gowri_Backup\\Android\\cmdline-tools\\platform-tools\\adb.exe -P 5037 -s 7T49VGSC9LB6ZTVG shell getprop ro.build.version.sdk' exited with code 1'; Command output: adb.exe: device unauthorized.
This adb server's $ADB_VENDOR_KEYS is not set
Try 'adb kill-server' if that seems wrong.
Otherwise check for a confirmation dialog on your device.
 
Host info: host: 'DESKTOP-EE4SE6R', ip: '192.168.2.106'
Build info: version: '4.8.3', revision: 'e5e76298c3'
System info: os.name: 'Windows 10', os.arch: 'amd64', os.version: '10.0', java.version: '1.8.0_361'
Driver info: io.appium.java_client.AppiumDriver
Command: [null, newSession {capabilities=[{appium:appActivity=com.example.jobtracking.MainActivity, appium:appPackage=com.example.jobtracking, appium:deviceName=OPPO A16e, appium:ignoreHiddenApiPolicyError=true, platformName=ANDROID, appium:platformVersion=11, appium:udid=7T49VGSC9LB6ZTVG}], desiredCapabilities=Capabilities {appActivity: com.example.jobtracking.Mai..., appPackage: com.example.jobtracking, deviceName: OPPO A16e, ignoreHiddenApiPolicyError: true, platformName: ANDROID, platformVersion: 11, udid: 7T49VGSC9LB6ZTVG}}]
Capabilities {appActivity: com.example.jobtracking.Mai..., appPackage: com.example.jobtracking, deviceName: OPPO A16e, ignoreHiddenApiPolicyError: true, platformName: ANDROID, platformVersion: 11, udid: 7T49VGSC9LB6ZTVG}]]>
            </message>
            <full-stacktrace>
              <![CDATA[org.openqa.selenium.SessionNotCreatedException: Could not start a new session. Response code 500. Message: An unknown server-side error occurred while processing the command. Original error: Error getting device API level. Original error: Error executing adbExec. Original error: 'Command 'D:\\Gowri_Backup\\Android\\cmdline-tools\\platform-tools\\adb.exe -P 5037 -s 7T49VGSC9LB6ZTVG shell getprop ro.build.version.sdk' exited with code 1'; Command output: adb.exe: device unauthorized.
This adb server's $ADB_VENDOR_KEYS is not set
Try 'adb kill-server' if that seems wrong.
Otherwise check for a confirmation dialog on your device.
 
Host info: host: 'DESKTOP-EE4SE6R', ip: '192.168.2.106'
Build info: version: '4.8.3', revision: 'e5e76298c3'
System info: os.name: 'Windows 10', os.arch: 'amd64', os.version: '10.0', java.version: '1.8.0_361'
Driver info: io.appium.java_client.AppiumDriver
Command: [null, newSession {capabilities=[{appium:appActivity=com.example.jobtracking.MainActivity, appium:appPackage=com.example.jobtracking, appium:deviceName=OPPO A16e, appium:ignoreHiddenApiPolicyError=true, platformName=ANDROID, appium:platformVersion=11, appium:udid=7T49VGSC9LB6ZTVG}], desiredCapabilities=Capabilities {appActivity: com.example.jobtracking.Mai..., appPackage: com.example.jobtracking, deviceName: OPPO A16e, ignoreHiddenApiPolicyError: true, platformName: ANDROID, platformVersion: 11, udid: 7T49VGSC9LB6ZTVG}}]
Capabilities {appActivity: com.example.jobtracking.Mai..., appPackage: com.example.jobtracking, deviceName: OPPO A16e, ignoreHiddenApiPolicyError: true, platformName: ANDROID, platformVersion: 11, udid: 7T49VGSC9LB6ZTVG}
at org.openqa.selenium.remote.ProtocolHandshake.createSession(ProtocolHandshake.java:148)
at sun.reflect.NativeMethodAccessorImpl.invoke0(Native Method)
at sun.reflect.NativeMethodAccessorImpl.invoke(Unknown Source)
at sun.reflect.DelegatingMethodAccessorImpl.invoke(Unknown Source)
at java.lang.reflect.Method.invoke(Unknown Source)
at io.appium.java_client.remote.AppiumProtocolHandshake.createSession(AppiumProtocolHandshake.java:133)
at io.appium.java_client.remote.AppiumProtocolHandshake.createSession(AppiumProtocolHandshake.java:102)
at io.appium.java_client.remote.AppiumCommandExecutor.createSession(AppiumCommandExecutor.java:194)
at io.appium.java_client.remote.AppiumCommandExecutor.execute(AppiumCommandExecutor.java:262)
at org.openqa.selenium.remote.RemoteWebDriver.execute(RemoteWebDriver.java:543)
at io.appium.java_client.AppiumDriver.startSession(AppiumDriver.java:229)
at org.openqa.selenium.remote.RemoteWebDriver.<init>(RemoteWebDriver.java:157)
at io.appium.java_client.AppiumDriver.<init>(AppiumDriver.java:80)
at io.appium.java_client.AppiumDriver.<init>(AppiumDriver.java:92)
at com.appium.JobTracking1.Base.start(Base.java:51)
at sun.reflect.NativeMethodAccessorImpl.invoke0(Native Method)
at sun.reflect.NativeMethodAccessorImpl.invoke(Unknown Source)
at sun.reflect.DelegatingMethodAccessorImpl.invoke(Unknown Source)
at java.lang.reflect.Method.invoke(Unknown Source)
at org.testng.internal.invokers.MethodInvocationHelper.invokeMethod(MethodInvocationHelper.java:135)
at org.testng.internal.invokers.MethodInvocationHelper.invokeMethodConsideringTimeout(MethodInvocationHelper.java:65)
at org.testng.internal.invokers.ConfigInvoker.invokeConfigurationMethod(ConfigInvoker.java:381)
at org.testng.internal.invokers.ConfigInvoker.invokeConfigurations(ConfigInvoker.java:319)
at org.testng.TestRunner.invokeTestConfigurations(TestRunner.java:645)
at org.testng.TestRunner.beforeRun(TestRunner.java:634)
at org.testng.TestRunner.run(TestRunner.java:596)
at org.testng.SuiteRunner.runTest(SuiteRunner.java:429)
at org.testng.SuiteRunner.runSequentially(SuiteRunner.java:423)
at org.testng.SuiteRunner.privateRun(SuiteRunner.java:383)
at org.testng.SuiteRunner.run(SuiteRunner.java:326)
at org.testng.SuiteRunnerWorker.runSuite(SuiteRunnerWorker.java:52)
at org.testng.SuiteRunnerWorker.run(SuiteRunnerWorker.java:95)
at org.testng.TestNG.runSuitesSequentially(TestNG.java:1249)
at org.testng.TestNG.runSuitesLocally(TestNG.java:1169)
at org.testng.TestNG.runSuites(TestNG.java:1092)
at org.testng.TestNG.run(TestNG.java:1060)
at org.testng.remote.AbstractRemoteTestNG.run(AbstractRemoteTestNG.java:115)
at org.testng.remote.RemoteTestNG.initAndRun(RemoteTestNG.java:251)
at org.testng.remote.RemoteTestNG.main(RemoteTestNG.java:77)
]]>
            </full-stacktrace>
          </exception> <!-- org.openqa.selenium.SessionNotCreatedException -->
          <reporter-output>
          </reporter-output>
        </test-method> <!-- addShipmentOfNewOne -->
        <test-method status="SKIP" signature="previousLevelNotCompleted()[pri:10, instance:com.appium.JobTracking1.Shipment@133e16fd]" name="previousLevelNotCompleted" duration-ms="0" started-at="2023-05-02T16:22:19 IST" finished-at="2023-05-02T16:22:19 IST">
          <exception class="org.openqa.selenium.SessionNotCreatedException">
            <message>
              <![CDATA[Could not start a new session. Response code 500. Message: An unknown server-side error occurred while processing the command. Original error: Error getting device API level. Original error: Error executing adbExec. Original error: 'Command 'D:\\Gowri_Backup\\Android\\cmdline-tools\\platform-tools\\adb.exe -P 5037 -s 7T49VGSC9LB6ZTVG shell getprop ro.build.version.sdk' exited with code 1'; Command output: adb.exe: device unauthorized.
This adb server's $ADB_VENDOR_KEYS is not set
Try 'adb kill-server' if that seems wrong.
Otherwise check for a confirmation dialog on your device.
 
Host info: host: 'DESKTOP-EE4SE6R', ip: '192.168.2.106'
Build info: version: '4.8.3', revision: 'e5e76298c3'
System info: os.name: 'Windows 10', os.arch: 'amd64', os.version: '10.0', java.version: '1.8.0_361'
Driver info: io.appium.java_client.AppiumDriver
Command: [null, newSession {capabilities=[{appium:appActivity=com.example.jobtracking.MainActivity, appium:appPackage=com.example.jobtracking, appium:deviceName=OPPO A16e, appium:ignoreHiddenApiPolicyError=true, platformName=ANDROID, appium:platformVersion=11, appium:udid=7T49VGSC9LB6ZTVG}], desiredCapabilities=Capabilities {appActivity: com.example.jobtracking.Mai..., appPackage: com.example.jobtracking, deviceName: OPPO A16e, ignoreHiddenApiPolicyError: true, platformName: ANDROID, platformVersion: 11, udid: 7T49VGSC9LB6ZTVG}}]
Capabilities {appActivity: com.example.jobtracking.Mai..., appPackage: com.example.jobtracking, deviceName: OPPO A16e, ignoreHiddenApiPolicyError: true, platformName: ANDROID, platformVersion: 11, udid: 7T49VGSC9LB6ZTVG}]]>
            </message>
            <full-stacktrace>
              <![CDATA[org.openqa.selenium.SessionNotCreatedException: Could not start a new session. Response code 500. Message: An unknown server-side error occurred while processing the command. Original error: Error getting device API level. Original error: Error executing adbExec. Original error: 'Command 'D:\\Gowri_Backup\\Android\\cmdline-tools\\platform-tools\\adb.exe -P 5037 -s 7T49VGSC9LB6ZTVG shell getprop ro.build.version.sdk' exited with code 1'; Command output: adb.exe: device unauthorized.
This adb server's $ADB_VENDOR_KEYS is not set
Try 'adb kill-server' if that seems wrong.
Otherwise check for a confirmation dialog on your device.
 
Host info: host: 'DESKTOP-EE4SE6R', ip: '192.168.2.106'
Build info: version: '4.8.3', revision: 'e5e76298c3'
System info: os.name: 'Windows 10', os.arch: 'amd64', os.version: '10.0', java.version: '1.8.0_361'
Driver info: io.appium.java_client.AppiumDriver
Command: [null, newSession {capabilities=[{appium:appActivity=com.example.jobtracking.MainActivity, appium:appPackage=com.example.jobtracking, appium:deviceName=OPPO A16e, appium:ignoreHiddenApiPolicyError=true, platformName=ANDROID, appium:platformVersion=11, appium:udid=7T49VGSC9LB6ZTVG}], desiredCapabilities=Capabilities {appActivity: com.example.jobtracking.Mai..., appPackage: com.example.jobtracking, deviceName: OPPO A16e, ignoreHiddenApiPolicyError: true, platformName: ANDROID, platformVersion: 11, udid: 7T49VGSC9LB6ZTVG}}]
Capabilities {appActivity: com.example.jobtracking.Mai..., appPackage: com.example.jobtracking, deviceName: OPPO A16e, ignoreHiddenApiPolicyError: true, platformName: ANDROID, platformVersion: 11, udid: 7T49VGSC9LB6ZTVG}
at org.openqa.selenium.remote.ProtocolHandshake.createSession(ProtocolHandshake.java:148)
at sun.reflect.NativeMethodAccessorImpl.invoke0(Native Method)
at sun.reflect.NativeMethodAccessorImpl.invoke(Unknown Source)
at sun.reflect.DelegatingMethodAccessorImpl.invoke(Unknown Source)
at java.lang.reflect.Method.invoke(Unknown Source)
at io.appium.java_client.remote.AppiumProtocolHandshake.createSession(AppiumProtocolHandshake.java:133)
at io.appium.java_client.remote.AppiumProtocolHandshake.createSession(AppiumProtocolHandshake.java:102)
at io.appium.java_client.remote.AppiumCommandExecutor.createSession(AppiumCommandExecutor.java:194)
at io.appium.java_client.remote.AppiumCommandExecutor.execute(AppiumCommandExecutor.java:262)
at org.openqa.selenium.remote.RemoteWebDriver.execute(RemoteWebDriver.java:543)
at io.appium.java_client.AppiumDriver.startSession(AppiumDriver.java:229)
at org.openqa.selenium.remote.RemoteWebDriver.<init>(RemoteWebDriver.java:157)
at io.appium.java_client.AppiumDriver.<init>(AppiumDriver.java:80)
at io.appium.java_client.AppiumDriver.<init>(AppiumDriver.java:92)
at com.appium.JobTracking1.Base.start(Base.java:51)
at sun.reflect.NativeMethodAccessorImpl.invoke0(Native Method)
at sun.reflect.NativeMethodAccessorImpl.invoke(Unknown Source)
at sun.reflect.DelegatingMethodAccessorImpl.invoke(Unknown Source)
at java.lang.reflect.Method.invoke(Unknown Source)
at org.testng.internal.invokers.MethodInvocationHelper.invokeMethod(MethodInvocationHelper.java:135)
at org.testng.internal.invokers.MethodInvocationHelper.invokeMethodConsideringTimeout(MethodInvocationHelper.java:65)
at org.testng.internal.invokers.ConfigInvoker.invokeConfigurationMethod(ConfigInvoker.java:381)
at org.testng.internal.invokers.ConfigInvoker.invokeConfigurations(ConfigInvoker.java:319)
at org.testng.TestRunner.invokeTestConfigurations(TestRunner.java:645)
at org.testng.TestRunner.beforeRun(TestRunner.java:634)
at org.testng.TestRunner.run(TestRunner.java:596)
at org.testng.SuiteRunner.runTest(SuiteRunner.java:429)
at org.testng.SuiteRunner.runSequentially(SuiteRunner.java:423)
at org.testng.SuiteRunner.privateRun(SuiteRunner.java:383)
at org.testng.SuiteRunner.run(SuiteRunner.java:326)
at org.testng.SuiteRunnerWorker.runSuite(SuiteRunnerWorker.java:52)
at org.testng.SuiteRunnerWorker.run(SuiteRunnerWorker.java:95)
at org.testng.TestNG.runSuitesSequentially(TestNG.java:1249)
at org.testng.TestNG.runSuitesLocally(TestNG.java:1169)
at org.testng.TestNG.runSuites(TestNG.java:1092)
at org.testng.TestNG.run(TestNG.java:1060)
at org.testng.remote.AbstractRemoteTestNG.run(AbstractRemoteTestNG.java:115)
at org.testng.remote.RemoteTestNG.initAndRun(RemoteTestNG.java:251)
at org.testng.remote.RemoteTestNG.main(RemoteTestNG.java:77)
]]>
            </full-stacktrace>
          </exception> <!-- org.openqa.selenium.SessionNotCreatedException -->
          <reporter-output>
          </reporter-output>
        </test-method> <!-- previousLevelNotCompleted -->
        <test-method status="SKIP" signature="tearDown()[pri:0, instance:com.appium.JobTracking1.Shipment@133e16fd]" name="tearDown" is-config="true" duration-ms="0" started-at="2023-05-02T16:22:19 IST" finished-at="2023-05-02T16:22:19 IST">
          <reporter-output>
          </reporter-output>
        </test-method> <!-- tearDown -->
        <test-method status="SKIP" signature="close()[pri:0, instance:com.appium.JobTracking1.Shipment@133e16fd]" name="close" is-config="true" duration-ms="0" started-at="2023-05-02T16:22:19 IST" finished-at="2023-05-02T16:22:19 IST">
          <reporter-output>
          </reporter-output>
        </test-method> <!-- close -->
      </class> <!-- com.appium.JobTracking1.Shipment -->
    </test> <!-- Default test -->
  </suite> <!-- Default suite -->
</testng-results>
